Unable to get Js Errors. Exception: 
PHPUnit_Extensions_Selenium2TestCase_WebDriverException:  (WARNING: The server did not provide any stacktrace information)
Command duration or timeout: 36 milliseconds
Build info: version: '2.53.1', revision: 'a36b8b1', time: '2016-06-30 17:37:03'
System info: host: 'travis-job-8ce81dfb-9d11-4ab9-9803-b9b2ad14f2b5', ip: '127.0.1.1', os.name: 'Linux', os.arch: 'amd64', os.version: '4.4.0-104-generic', java.version: '1.8.0_151'
Driver info: org.openqa.selenium.firefox.FirefoxDriver
Capabilities [{applicationCacheEnabled=true, rotatable=false, handlesAlerts=true, databaseEnabled=true, version=46.0, platform=LINUX, nativeEvents=false, acceptSslCerts=true, webStorageEnabled=true, locationContextEnabled=true, browserName=firefox, takesScreenshot=true, javascriptEnabled=true, cssSelectorsEnabled=true}]
Session ID: d08eebed-8ccd-4ab8-819e-f2b2d6452b97 in /var/www/dev/tests/functional/vendor/phpunit/phpunit-selenium/PHPUnit/Extensions/Selenium2TestCase/Driver.php:165
Stack trace:
#0 /var/www/dev/tests/functional/vendor/phpunit/phpunit-selenium/PHPUnit/Extensions/Selenium2TestCase/Driver.php(175): PHPUnit_Extensions_Selenium2TestCase_Driver->curl('POST', Object(PHPUnit_Extensions_Selenium2TestCase_URL), Array)
#1 /var/www/dev/tests/functional/vendor/phpunit/phpunit-selenium/PHPUnit/Extensions/Selenium2TestCase/CommandsHolder.php(100): PHPUnit_Extensions_Selenium2TestCase_Driver->execute(Object(PHPUnit_Extensions_Selenium2TestCase_ElementCommand_GenericPost))
#2 /var/www/dev/tests/functional/vendor/phpunit/phpunit-selenium/PHPUnit/Extensions/Selenium2TestCase.php(393): PHPUnit_Extensions_Selenium2TestCase_CommandsHolder->__call('execute', Array)
#3 /var/www/dev/tests/functional/vendor/magento/mtf/Magento/Mtf/Client/Driver/Selenium/Driver.php(237): PHPUnit_Extensions_Selenium2TestCase->__call('execute', Array)
#4 /var/www/dev/tests/functional/vendor/magento/mtf/Magento/Mtf/Client/Browser.php(297): Magento\Mtf\Client\Driver\Selenium\Driver->getJsErrors()
#5 /var/www/dev/tests/functional/vendor/magento/mtf/Magento/Mtf/System/Observer/ClientError.php(52): Magento\Mtf\Client\Browser->getJsErrors()
#6 /var/www/dev/tests/functional/vendor/magento/mtf/Magento/Mtf/System/Event/EventManager.php(83): Magento\Mtf\System\Observer\ClientError->process(Object(Magento\Mtf\System\Event\Event))
#7 /var/www/dev/tests/functional/vendor/magento/mtf/Magento/Mtf/TestCase/Functional.php(317): Magento\Mtf\System\Event\EventManager->dispatchEvent(Array, Array)
#8 /var/www/dev/tests/functional/vendor/phpunit/phpunit/src/Framework/TestResult.php(701): Magento\Mtf\TestCase\Functional->runBare()
#9 /var/www/dev/tests/functional/vendor/phpunit/phpunit/src/Framework/TestCase.php(892): PHPUnit_Framework_TestResult->run(Object(Magento\Webpos\Test\TestCase\Shift\GridShiftFilteringTest))
#10 /var/www/dev/tests/functional/vendor/magento/mtf/Magento/Mtf/TestCase/Functional.php(217): PHPUnit_Framework_TestCase->run(Object(PHPUnit_Framework_TestResult))
#11 /var/www/dev/tests/functional/vendor/magento/mtf/Magento/Mtf/TestCase/Injectable.php(210): Magento\Mtf\TestCase\Functional->run(Object(PHPUnit_Framework_TestResult))
#12 /var/www/dev/tests/functional/vendor/magento/mtf/Magento/Mtf/TestCase/Injectable.php(166): Magento\Mtf\TestCase\Injectable->executeTestVariation(Object(PHPUnit_Framework_TestResult), Array)
#13 /var/www/dev/tests/functional/vendor/phpunit/phpunit/src/Framework/TestSuite.php(753): Magento\Mtf\TestCase\Injectable->run(Object(PHPUnit_Framework_TestResult))
#14 /var/www/dev/tests/functional/vendor/phpunit/phpunit/src/Framework/TestSuite.php(753): PHPUnit_Framework_TestSuite->run(Object(PHPUnit_Framework_TestResult))
#15 /var/www/dev/tests/functional/vendor/phpunit/phpunit/src/Framework/TestSuite.php(753): PHPUnit_Framework_TestSuite->run(Object(PHPUnit_Framework_TestResult))
#16 /var/www/dev/tests/functional/vendor/phpunit/phpunit/src/TextUI/TestRunner.php(465): PHPUnit_Framework_TestSuite->run(Object(PHPUnit_Framework_TestResult))
#17 /var/www/dev/tests/functional/vendor/phpunit/phpunit/src/TextUI/Command.php(185): PHPUnit_TextUI_TestRunner->doRun(Object(PHPUnit_Framework_TestSuite), Array, true)
#18 /var/www/dev/tests/functional/vendor/phpunit/phpunit/src/TextUI/Command.php(115): PHPUnit_TextUI_Command->run(Array, true)
#19 /var/www/dev/tests/functional/vendor/phpunit/phpunit/phpunit(47): PHPUnit_TextUI_Command::main()
#20 {main}
Unable to get Js Errors. Exception: 
PHPUnit_Extensions_Selenium2TestCase_WebDriverException:  (WARNING: The server did not provide any stacktrace information)
Command duration or timeout: 15 milliseconds
Build info: version: '2.53.1', revision: 'a36b8b1', time: '2016-06-30 17:37:03'
System info: host: 'travis-job-8ce81dfb-9d11-4ab9-9803-b9b2ad14f2b5', ip: '127.0.1.1', os.name: 'Linux', os.arch: 'amd64', os.version: '4.4.0-104-generic', java.version: '1.8.0_151'
Driver info: org.openqa.selenium.firefox.FirefoxDriver
Capabilities [{applicationCacheEnabled=true, rotatable=false, handlesAlerts=true, databaseEnabled=true, version=46.0, platform=LINUX, nativeEvents=false, acceptSslCerts=true, webStorageEnabled=true, locationContextEnabled=true, browserName=firefox, takesScreenshot=true, javascriptEnabled=true, cssSelectorsEnabled=true}]
Session ID: a40e2d8b-2559-4102-9dc5-e20e8237ba3c in /var/www/dev/tests/functional/vendor/phpunit/phpunit-selenium/PHPUnit/Extensions/Selenium2TestCase/Driver.php:165
Stack trace:
#0 /var/www/dev/tests/functional/vendor/phpunit/phpunit-selenium/PHPUnit/Extensions/Selenium2TestCase/Driver.php(175): PHPUnit_Extensions_Selenium2TestCase_Driver->curl('POST', Object(PHPUnit_Extensions_Selenium2TestCase_URL), Array)
#1 /var/www/dev/tests/functional/vendor/phpunit/phpunit-selenium/PHPUnit/Extensions/Selenium2TestCase/CommandsHolder.php(100): PHPUnit_Extensions_Selenium2TestCase_Driver->execute(Object(PHPUnit_Extensions_Selenium2TestCase_ElementCommand_GenericPost))
#2 /var/www/dev/tests/functional/vendor/phpunit/phpunit-selenium/PHPUnit/Extensions/Selenium2TestCase.php(393): PHPUnit_Extensions_Selenium2TestCase_CommandsHolder->__call('execute', Array)
#3 /var/www/dev/tests/functional/vendor/magento/mtf/Magento/Mtf/Client/Driver/Selenium/Driver.php(237): PHPUnit_Extensions_Selenium2TestCase->__call('execute', Array)
#4 /var/www/dev/tests/functional/vendor/magento/mtf/Magento/Mtf/Client/Browser.php(297): Magento\Mtf\Client\Driver\Selenium\Driver->getJsErrors()
#5 /var/www/dev/tests/functional/vendor/magento/mtf/Magento/Mtf/System/Observer/ClientError.php(52): Magento\Mtf\Client\Browser->getJsErrors()
#6 /var/www/dev/tests/functional/vendor/magento/mtf/Magento/Mtf/System/Event/EventManager.php(83): Magento\Mtf\System\Observer\ClientError->process(Object(Magento\Mtf\System\Event\Event))
#7 /var/www/dev/tests/functional/vendor/magento/mtf/Magento/Mtf/TestCase/Functional.php(317): Magento\Mtf\System\Event\EventManager->dispatchEvent(Array, Array)
#8 /var/www/dev/tests/functional/vendor/phpunit/phpunit/src/Framework/TestResult.php(701): Magento\Mtf\TestCase\Functional->runBare()
#9 /var/www/dev/tests/functional/vendor/phpunit/phpunit/src/Framework/TestCase.php(892): PHPUnit_Framework_TestResult->run(Object(Magento\Webpos\Test\TestCase\Shift\GridShiftSortingTest))
#10 /var/www/dev/tests/functional/vendor/magento/mtf/Magento/Mtf/TestCase/Functional.php(217): PHPUnit_Framework_TestCase->run(Object(PHPUnit_Framework_TestResult))
#11 /var/www/dev/tests/functional/vendor/magento/mtf/Magento/Mtf/TestCase/Injectable.php(210): Magento\Mtf\TestCase\Functional->run(Object(PHPUnit_Framework_TestResult))
#12 /var/www/dev/tests/functional/vendor/magento/mtf/Magento/Mtf/TestCase/Injectable.php(166): Magento\Mtf\TestCase\Injectable->executeTestVariation(Object(PHPUnit_Framework_TestResult), Array)
#13 /var/www/dev/tests/functional/vendor/phpunit/phpunit/src/Framework/TestSuite.php(753): Magento\Mtf\TestCase\Injectable->run(Object(PHPUnit_Framework_TestResult))
#14 /var/www/dev/tests/functional/vendor/phpunit/phpunit/src/Framework/TestSuite.php(753): PHPUnit_Framework_TestSuite->run(Object(PHPUnit_Framework_TestResult))
#15 /var/www/dev/tests/functional/vendor/phpunit/phpunit/src/Framework/TestSuite.php(753): PHPUnit_Framework_TestSuite->run(Object(PHPUnit_Framework_TestResult))
#16 /var/www/dev/tests/functional/vendor/phpunit/phpunit/src/TextUI/TestRunner.php(465): PHPUnit_Framework_TestSuite->run(Object(PHPUnit_Framework_TestResult))
#17 /var/www/dev/tests/functional/vendor/phpunit/phpunit/src/TextUI/Command.php(185): PHPUnit_TextUI_TestRunner->doRun(Object(PHPUnit_Framework_TestSuite), Array, true)
#18 /var/www/dev/tests/functional/vendor/phpunit/phpunit/src/TextUI/Command.php(115): PHPUnit_TextUI_Command->run(Array, true)
#19 /var/www/dev/tests/functional/vendor/phpunit/phpunit/phpunit(47): PHPUnit_TextUI_Command::main()
#20 {main}
Unable to get Js Errors. Exception: 
PHPUnit_Extensions_Selenium2TestCase_WebDriverException:  (WARNING: The server did not provide any stacktrace information)
Command duration or timeout: 16 milliseconds
Build info: version: '2.53.1', revision: 'a36b8b1', time: '2016-06-30 17:37:03'
System info: host: 'travis-job-8ce81dfb-9d11-4ab9-9803-b9b2ad14f2b5', ip: '127.0.1.1', os.name: 'Linux', os.arch: 'amd64', os.version: '4.4.0-104-generic', java.version: '1.8.0_151'
Driver info: org.openqa.selenium.firefox.FirefoxDriver
Capabilities [{applicationCacheEnabled=true, rotatable=false, handlesAlerts=true, databaseEnabled=true, version=46.0, platform=LINUX, nativeEvents=false, acceptSslCerts=true, webStorageEnabled=true, locationContextEnabled=true, browserName=firefox, takesScreenshot=true, javascriptEnabled=true, cssSelectorsEnabled=true}]
Session ID: a40e2d8b-2559-4102-9dc5-e20e8237ba3c in /var/www/dev/tests/functional/vendor/phpunit/phpunit-selenium/PHPUnit/Extensions/Selenium2TestCase/Driver.php:165
Stack trace:
#0 /var/www/dev/tests/functional/vendor/phpunit/phpunit-selenium/PHPUnit/Extensions/Selenium2TestCase/Driver.php(175): PHPUnit_Extensions_Selenium2TestCase_Driver->curl('POST', Object(PHPUnit_Extensions_Selenium2TestCase_URL), Array)
#1 /var/www/dev/tests/functional/vendor/phpunit/phpunit-selenium/PHPUnit/Extensions/Selenium2TestCase/CommandsHolder.php(100): PHPUnit_Extensions_Selenium2TestCase_Driver->execute(Object(PHPUnit_Extensions_Selenium2TestCase_ElementCommand_GenericPost))
#2 /var/www/dev/tests/functional/vendor/phpunit/phpunit-selenium/PHPUnit/Extensions/Selenium2TestCase.php(393): PHPUnit_Extensions_Selenium2TestCase_CommandsHolder->__call('execute', Array)
#3 /var/www/dev/tests/functional/vendor/magento/mtf/Magento/Mtf/Client/Driver/Selenium/Driver.php(237): PHPUnit_Extensions_Selenium2TestCase->__call('execute', Array)
#4 /var/www/dev/tests/functional/vendor/magento/mtf/Magento/Mtf/Client/Browser.php(297): Magento\Mtf\Client\Driver\Selenium\Driver->getJsErrors()
#5 /var/www/dev/tests/functional/vendor/magento/mtf/Magento/Mtf/System/Observer/ClientError.php(52): Magento\Mtf\Client\Browser->getJsErrors()
#6 /var/www/dev/tests/functional/vendor/magento/mtf/Magento/Mtf/System/Event/EventManager.php(83): Magento\Mtf\System\Observer\ClientError->process(Object(Magento\Mtf\System\Event\Event))
#7 /var/www/dev/tests/functional/vendor/magento/mtf/Magento/Mtf/TestCase/Functional.php(317): Magento\Mtf\System\Event\EventManager->dispatchEvent(Array, Array)
#8 /var/www/dev/tests/functional/vendor/phpunit/phpunit/src/Framework/TestResult.php(701): Magento\Mtf\TestCase\Functional->runBare()
#9 /var/www/dev/tests/functional/vendor/phpunit/phpunit/src/Framework/TestCase.php(892): PHPUnit_Framework_TestResult->run(Object(Magento\Webpos\Test\TestCase\Shift\GridShiftSortingTest))
#10 /var/www/dev/tests/functional/vendor/magento/mtf/Magento/Mtf/TestCase/Functional.php(217): PHPUnit_Framework_TestCase->run(Object(PHPUnit_Framework_TestResult))
#11 /var/www/dev/tests/functional/vendor/magento/mtf/Magento/Mtf/TestCase/Injectable.php(210): Magento\Mtf\TestCase\Functional->run(Object(PHPUnit_Framework_TestResult))
#12 /var/www/dev/tests/functional/vendor/magento/mtf/Magento/Mtf/TestCase/Injectable.php(166): Magento\Mtf\TestCase\Injectable->executeTestVariation(Object(PHPUnit_Framework_TestResult), Array)
#13 /var/www/dev/tests/functional/vendor/phpunit/phpunit/src/Framework/TestSuite.php(753): Magento\Mtf\TestCase\Injectable->run(Object(PHPUnit_Framework_TestResult))
#14 /var/www/dev/tests/functional/vendor/phpunit/phpunit/src/Framework/TestSuite.php(753): PHPUnit_Framework_TestSuite->run(Object(PHPUnit_Framework_TestResult))
#15 /var/www/dev/tests/functional/vendor/phpunit/phpunit/src/Framework/TestSuite.php(753): PHPUnit_Framework_TestSuite->run(Object(PHPUnit_Framework_TestResult))
#16 /var/www/dev/tests/functional/vendor/phpunit/phpunit/src/TextUI/TestRunner.php(465): PHPUnit_Framework_TestSuite->run(Object(PHPUnit_Framework_TestResult))
#17 /var/www/dev/tests/functional/vendor/phpunit/phpunit/src/TextUI/Command.php(185): PHPUnit_TextUI_TestRunner->doRun(Object(PHPUnit_Framework_TestSuite), Array, true)
#18 /var/www/dev/tests/functional/vendor/phpunit/phpunit/src/TextUI/Command.php(115): PHPUnit_TextUI_Command->run(Array, true)
#19 /var/www/dev/tests/functional/vendor/phpunit/phpunit/phpunit(47): PHPUnit_TextUI_Command::main()
#20 {main}
Unable to get Js Errors. Exception: 
PHPUnit_Extensions_Selenium2TestCase_WebDriverException:  (WARNING: The server did not provide any stacktrace information)
Command duration or timeout: 9 milliseconds
Build info: version: '2.53.1', revision: 'a36b8b1', time: '2016-06-30 17:37:03'
System info: host: 'travis-job-8ce81dfb-9d11-4ab9-9803-b9b2ad14f2b5', ip: '127.0.1.1', os.name: 'Linux', os.arch: 'amd64', os.version: '4.4.0-104-generic', java.version: '1.8.0_151'
Driver info: org.openqa.selenium.firefox.FirefoxDriver
Capabilities [{applicationCacheEnabled=true, rotatable=false, handlesAlerts=true, databaseEnabled=true, version=46.0, platform=LINUX, nativeEvents=false, acceptSslCerts=true, webStorageEnabled=true, locationContextEnabled=true, browserName=firefox, takesScreenshot=true, javascriptEnabled=true, cssSelectorsEnabled=true}]
Session ID: 190e407a-f227-4f3e-a1eb-caf0fcce3d05 in /var/www/dev/tests/functional/vendor/phpunit/phpunit-selenium/PHPUnit/Extensions/Selenium2TestCase/Driver.php:165
Stack trace:
#0 /var/www/dev/tests/functional/vendor/phpunit/phpunit-selenium/PHPUnit/Extensions/Selenium2TestCase/Driver.php(175): PHPUnit_Extensions_Selenium2TestCase_Driver->curl('POST', Object(PHPUnit_Extensions_Selenium2TestCase_URL), Array)
#1 /var/www/dev/tests/functional/vendor/phpunit/phpunit-selenium/PHPUnit/Extensions/Selenium2TestCase/CommandsHolder.php(100): PHPUnit_Extensions_Selenium2TestCase_Driver->execute(Object(PHPUnit_Extensions_Selenium2TestCase_ElementCommand_GenericPost))
#2 /var/www/dev/tests/functional/vendor/phpunit/phpunit-selenium/PHPUnit/Extensions/Selenium2TestCase.php(393): PHPUnit_Extensions_Selenium2TestCase_CommandsHolder->__call('execute', Array)
#3 /var/www/dev/tests/functional/vendor/magento/mtf/Magento/Mtf/Client/Driver/Selenium/Driver.php(237): PHPUnit_Extensions_Selenium2TestCase->__call('execute', Array)
#4 /var/www/dev/tests/functional/vendor/magento/mtf/Magento/Mtf/Client/Browser.php(297): Magento\Mtf\Client\Driver\Selenium\Driver->getJsErrors()
#5 /var/www/dev/tests/functional/vendor/magento/mtf/Magento/Mtf/System/Observer/ClientError.php(52): Magento\Mtf\Client\Browser->getJsErrors()
#6 /var/www/dev/tests/functional/vendor/magento/mtf/Magento/Mtf/System/Event/EventManager.php(83): Magento\Mtf\System\Observer\ClientError->process(Object(Magento\Mtf\System\Event\Event))
#7 /var/www/dev/tests/functional/vendor/magento/mtf/Magento/Mtf/TestCase/Functional.php(317): Magento\Mtf\System\Event\EventManager->dispatchEvent(Array, Array)
#8 /var/www/dev/tests/functional/vendor/phpunit/phpunit/src/Framework/TestResult.php(701): Magento\Mtf\TestCase\Functional->runBare()
#9 /var/www/dev/tests/functional/vendor/phpunit/phpunit/src/Framework/TestCase.php(892): PHPUnit_Framework_TestResult->run(Object(Magento\Webpos\Test\TestCase\Staff\DeleteStaffEntityTest))
#10 /var/www/dev/tests/functional/vendor/magento/mtf/Magento/Mtf/TestCase/Functional.php(217): PHPUnit_Framework_TestCase->run(Object(PHPUnit_Framework_TestResult))
#11 /var/www/dev/tests/functional/vendor/magento/mtf/Magento/Mtf/TestCase/Injectable.php(210): Magento\Mtf\TestCase\Functional->run(Object(PHPUnit_Framework_TestResult))
#12 /var/www/dev/tests/functional/vendor/magento/mtf/Magento/Mtf/TestCase/Injectable.php(166): Magento\Mtf\TestCase\Injectable->executeTestVariation(Object(PHPUnit_Framework_TestResult), Array)
#13 /var/www/dev/tests/functional/vendor/phpunit/phpunit/src/Framework/TestSuite.php(753): Magento\Mtf\TestCase\Injectable->run(Object(PHPUnit_Framework_TestResult))
#14 /var/www/dev/tests/functional/vendor/phpunit/phpunit/src/Framework/TestSuite.php(753): PHPUnit_Framework_TestSuite->run(Object(PHPUnit_Framework_TestResult))
#15 /var/www/dev/tests/functional/vendor/phpunit/phpunit/src/Framework/TestSuite.php(753): PHPUnit_Framework_TestSuite->run(Object(PHPUnit_Framework_TestResult))
#16 /var/www/dev/tests/functional/vendor/phpunit/phpunit/src/TextUI/TestRunner.php(465): PHPUnit_Framework_TestSuite->run(Object(PHPUnit_Framework_TestResult))
#17 /var/www/dev/tests/functional/vendor/phpunit/phpunit/src/TextUI/Command.php(185): PHPUnit_TextUI_TestRunner->doRun(Object(PHPUnit_Framework_TestSuite), Array, true)
#18 /var/www/dev/tests/functional/vendor/phpunit/phpunit/src/TextUI/Command.php(115): PHPUnit_TextUI_Command->run(Array, true)
#19 /var/www/dev/tests/functional/vendor/phpunit/phpunit/phpunit(47): PHPUnit_TextUI_Command::main()
#20 {main}
Unable to get Js Errors. Exception: 
PHPUnit_Extensions_Selenium2TestCase_WebDriverException:  (WARNING: The server did not provide any stacktrace information)
Command duration or timeout: 11 milliseconds
Build info: version: '2.53.1', revision: 'a36b8b1', time: '2016-06-30 17:37:03'
System info: host: 'travis-job-8ce81dfb-9d11-4ab9-9803-b9b2ad14f2b5', ip: '127.0.1.1', os.name: 'Linux', os.arch: 'amd64', os.version: '4.4.0-104-generic', java.version: '1.8.0_151'
Driver info: org.openqa.selenium.firefox.FirefoxDriver
Capabilities [{applicationCacheEnabled=true, rotatable=false, handlesAlerts=true, databaseEnabled=true, version=46.0, platform=LINUX, nativeEvents=false, acceptSslCerts=true, webStorageEnabled=true, locationContextEnabled=true, browserName=firefox, takesScreenshot=true, javascriptEnabled=true, cssSelectorsEnabled=true}]
Session ID: 06904ae4-055d-45bf-87c9-f3e3b55c767f in /var/www/dev/tests/functional/vendor/phpunit/phpunit-selenium/PHPUnit/Extensions/Selenium2TestCase/Driver.php:165
Stack trace:
#0 /var/www/dev/tests/functional/vendor/phpunit/phpunit-selenium/PHPUnit/Extensions/Selenium2TestCase/Driver.php(175): PHPUnit_Extensions_Selenium2TestCase_Driver->curl('POST', Object(PHPUnit_Extensions_Selenium2TestCase_URL), Array)
#1 /var/www/dev/tests/functional/vendor/phpunit/phpunit-selenium/PHPUnit/Extensions/Selenium2TestCase/CommandsHolder.php(100): PHPUnit_Extensions_Selenium2TestCase_Driver->execute(Object(PHPUnit_Extensions_Selenium2TestCase_ElementCommand_GenericPost))
#2 /var/www/dev/tests/functional/vendor/phpunit/phpunit-selenium/PHPUnit/Extensions/Selenium2TestCase.php(393): PHPUnit_Extensions_Selenium2TestCase_CommandsHolder->__call('execute', Array)
#3 /var/www/dev/tests/functional/vendor/magento/mtf/Magento/Mtf/Client/Driver/Selenium/Driver.php(237): PHPUnit_Extensions_Selenium2TestCase->__call('execute', Array)
#4 /var/www/dev/tests/functional/vendor/magento/mtf/Magento/Mtf/Client/Browser.php(297): Magento\Mtf\Client\Driver\Selenium\Driver->getJsErrors()
#5 /var/www/dev/tests/functional/vendor/magento/mtf/Magento/Mtf/System/Observer/ClientError.php(52): Magento\Mtf\Client\Browser->getJsErrors()
#6 /var/www/dev/tests/functional/vendor/magento/mtf/Magento/Mtf/System/Event/EventManager.php(83): Magento\Mtf\System\Observer\ClientError->process(Object(Magento\Mtf\System\Event\Event))
#7 /var/www/dev/tests/functional/vendor/magento/mtf/Magento/Mtf/TestCase/Functional.php(317): Magento\Mtf\System\Event\EventManager->dispatchEvent(Array, Array)
#8 /var/www/dev/tests/functional/vendor/phpunit/phpunit/src/Framework/TestResult.php(701): Magento\Mtf\TestCase\Functional->runBare()
#9 /var/www/dev/tests/functional/vendor/phpunit/phpunit/src/Framework/TestCase.php(892): PHPUnit_Framework_TestResult->run(Object(Magento\Webpos\Test\TestCase\Staff\GridStaffFilteringTest))
#10 /var/www/dev/tests/functional/vendor/magento/mtf/Magento/Mtf/TestCase/Functional.php(217): PHPUnit_Framework_TestCase->run(Object(PHPUnit_Framework_TestResult))
#11 /var/www/dev/tests/functional/vendor/magento/mtf/Magento/Mtf/TestCase/Injectable.php(210): Magento\Mtf\TestCase\Functional->run(Object(PHPUnit_Framework_TestResult))
#12 /var/www/dev/tests/functional/vendor/magento/mtf/Magento/Mtf/TestCase/Injectable.php(166): Magento\Mtf\TestCase\Injectable->executeTestVariation(Object(PHPUnit_Framework_TestResult), Array)
#13 /var/www/dev/tests/functional/vendor/phpunit/phpunit/src/Framework/TestSuite.php(753): Magento\Mtf\TestCase\Injectable->run(Object(PHPUnit_Framework_TestResult))
#14 /var/www/dev/tests/functional/vendor/phpunit/phpunit/src/Framework/TestSuite.php(753): PHPUnit_Framework_TestSuite->run(Object(PHPUnit_Framework_TestResult))
#15 /var/www/dev/tests/functional/vendor/phpunit/phpunit/src/Framework/TestSuite.php(753): PHPUnit_Framework_TestSuite->run(Object(PHPUnit_Framework_TestResult))
#16 /var/www/dev/tests/functional/vendor/phpunit/phpunit/src/TextUI/TestRunner.php(465): PHPUnit_Framework_TestSuite->run(Object(PHPUnit_Framework_TestResult))
#17 /var/www/dev/tests/functional/vendor/phpunit/phpunit/src/TextUI/Command.php(185): PHPUnit_TextUI_TestRunner->doRun(Object(PHPUnit_Framework_TestSuite), Array, true)
#18 /var/www/dev/tests/functional/vendor/phpunit/phpunit/src/TextUI/Command.php(115): PHPUnit_TextUI_Command->run(Array, true)
#19 /var/www/dev/tests/functional/vendor/phpunit/phpunit/phpunit(47): PHPUnit_TextUI_Command::main()
#20 {main}
Unable to get Js Errors. Exception: 
PHPUnit_Extensions_Selenium2TestCase_WebDriverException:  (WARNING: The server did not provide any stacktrace information)
Command duration or timeout: 9 milliseconds
Build info: version: '2.53.1', revision: 'a36b8b1', time: '2016-06-30 17:37:03'
System info: host: 'travis-job-8ce81dfb-9d11-4ab9-9803-b9b2ad14f2b5', ip: '127.0.1.1', os.name: 'Linux', os.arch: 'amd64', os.version: '4.4.0-104-generic', java.version: '1.8.0_151'
Driver info: org.openqa.selenium.firefox.FirefoxDriver
Capabilities [{applicationCacheEnabled=true, rotatable=false, handlesAlerts=true, databaseEnabled=true, version=46.0, platform=LINUX, nativeEvents=false, acceptSslCerts=true, webStorageEnabled=true, locationContextEnabled=true, browserName=firefox, takesScreenshot=true, javascriptEnabled=true, cssSelectorsEnabled=true}]
Session ID: 26f8ddb5-e7fc-4669-b9c5-92451da2e9f6 in /var/www/dev/tests/functional/vendor/phpunit/phpunit-selenium/PHPUnit/Extensions/Selenium2TestCase/Driver.php:165
Stack trace:
#0 /var/www/dev/tests/functional/vendor/phpunit/phpunit-selenium/PHPUnit/Extensions/Selenium2TestCase/Driver.php(175): PHPUnit_Extensions_Selenium2TestCase_Driver->curl('POST', Object(PHPUnit_Extensions_Selenium2TestCase_URL), Array)
#1 /var/www/dev/tests/functional/vendor/phpunit/phpunit-selenium/PHPUnit/Extensions/Selenium2TestCase/CommandsHolder.php(100): PHPUnit_Extensions_Selenium2TestCase_Driver->execute(Object(PHPUnit_Extensions_Selenium2TestCase_ElementCommand_GenericPost))
#2 /var/www/dev/tests/functional/vendor/phpunit/phpunit-selenium/PHPUnit/Extensions/Selenium2TestCase.php(393): PHPUnit_Extensions_Selenium2TestCase_CommandsHolder->__call('execute', Array)
#3 /var/www/dev/tests/functional/vendor/magento/mtf/Magento/Mtf/Client/Driver/Selenium/Driver.php(237): PHPUnit_Extensions_Selenium2TestCase->__call('execute', Array)
#4 /var/www/dev/tests/functional/vendor/magento/mtf/Magento/Mtf/Client/Browser.php(297): Magento\Mtf\Client\Driver\Selenium\Driver->getJsErrors()
#5 /var/www/dev/tests/functional/vendor/magento/mtf/Magento/Mtf/System/Observer/ClientError.php(52): Magento\Mtf\Client\Browser->getJsErrors()
#6 /var/www/dev/tests/functional/vendor/magento/mtf/Magento/Mtf/System/Event/EventManager.php(83): Magento\Mtf\System\Observer\ClientError->process(Object(Magento\Mtf\System\Event\Event))
#7 /var/www/dev/tests/functional/vendor/magento/mtf/Magento/Mtf/TestCase/Functional.php(317): Magento\Mtf\System\Event\EventManager->dispatchEvent(Array, Array)
#8 /var/www/dev/tests/functional/vendor/phpunit/phpunit/src/Framework/TestResult.php(701): Magento\Mtf\TestCase\Functional->runBare()
#9 /var/www/dev/tests/functional/vendor/phpunit/phpunit/src/Framework/TestCase.php(892): PHPUnit_Framework_TestResult->run(Object(Magento\Webpos\Test\TestCase\Staff\GridStaffSortingTest))
#10 /var/www/dev/tests/functional/vendor/magento/mtf/Magento/Mtf/TestCase/Functional.php(217): PHPUnit_Framework_TestCase->run(Object(PHPUnit_Framework_TestResult))
#11 /var/www/dev/tests/functional/vendor/magento/mtf/Magento/Mtf/TestCase/Injectable.php(210): Magento\Mtf\TestCase\Functional->run(Object(PHPUnit_Framework_TestResult))
#12 /var/www/dev/tests/functional/vendor/magento/mtf/Magento/Mtf/TestCase/Injectable.php(166): Magento\Mtf\TestCase\Injectable->executeTestVariation(Object(PHPUnit_Framework_TestResult), Array)
#13 /var/www/dev/tests/functional/vendor/phpunit/phpunit/src/Framework/TestSuite.php(753): Magento\Mtf\TestCase\Injectable->run(Object(PHPUnit_Framework_TestResult))
#14 /var/www/dev/tests/functional/vendor/phpunit/phpunit/src/Framework/TestSuite.php(753): PHPUnit_Framework_TestSuite->run(Object(PHPUnit_Framework_TestResult))
#15 /var/www/dev/tests/functional/vendor/phpunit/phpunit/src/Framework/TestSuite.php(753): PHPUnit_Framework_TestSuite->run(Object(PHPUnit_Framework_TestResult))
#16 /var/www/dev/tests/functional/vendor/phpunit/phpunit/src/TextUI/TestRunner.php(465): PHPUnit_Framework_TestSuite->run(Object(PHPUnit_Framework_TestResult))
#17 /var/www/dev/tests/functional/vendor/phpunit/phpunit/src/TextUI/Command.php(185): PHPUnit_TextUI_TestRunner->doRun(Object(PHPUnit_Framework_TestSuite), Array, true)
#18 /var/www/dev/tests/functional/vendor/phpunit/phpunit/src/TextUI/Command.php(115): PHPUnit_TextUI_Command->run(Array, true)
#19 /var/www/dev/tests/functional/vendor/phpunit/phpunit/phpunit(47): PHPUnit_TextUI_Command::main()
#20 {main}
Unable to get Js Errors. Exception: 
PHPUnit_Extensions_Selenium2TestCase_WebDriverException:  (WARNING: The server did not provide any stacktrace information)
Command duration or timeout: 8 milliseconds
Build info: version: '2.53.1', revision: 'a36b8b1', time: '2016-06-30 17:37:03'
System info: host: 'travis-job-8ce81dfb-9d11-4ab9-9803-b9b2ad14f2b5', ip: '127.0.1.1', os.name: 'Linux', os.arch: 'amd64', os.version: '4.4.0-104-generic', java.version: '1.8.0_151'
Driver info: org.openqa.selenium.firefox.FirefoxDriver
Capabilities [{applicationCacheEnabled=true, rotatable=false, handlesAlerts=true, databaseEnabled=true, version=46.0, platform=LINUX, nativeEvents=false, acceptSslCerts=true, webStorageEnabled=true, locationContextEnabled=true, browserName=firefox, takesScreenshot=true, javascriptEnabled=true, cssSelectorsEnabled=true}]
Session ID: 26f8ddb5-e7fc-4669-b9c5-92451da2e9f6 in /var/www/dev/tests/functional/vendor/phpunit/phpunit-selenium/PHPUnit/Extensions/Selenium2TestCase/Driver.php:165
Stack trace:
#0 /var/www/dev/tests/functional/vendor/phpunit/phpunit-selenium/PHPUnit/Extensions/Selenium2TestCase/Driver.php(175): PHPUnit_Extensions_Selenium2TestCase_Driver->curl('POST', Object(PHPUnit_Extensions_Selenium2TestCase_URL), Array)
#1 /var/www/dev/tests/functional/vendor/phpunit/phpunit-selenium/PHPUnit/Extensions/Selenium2TestCase/CommandsHolder.php(100): PHPUnit_Extensions_Selenium2TestCase_Driver->execute(Object(PHPUnit_Extensions_Selenium2TestCase_ElementCommand_GenericPost))
#2 /var/www/dev/tests/functional/vendor/phpunit/phpunit-selenium/PHPUnit/Extensions/Selenium2TestCase.php(393): PHPUnit_Extensions_Selenium2TestCase_CommandsHolder->__call('execute', Array)
#3 /var/www/dev/tests/functional/vendor/magento/mtf/Magento/Mtf/Client/Driver/Selenium/Driver.php(237): PHPUnit_Extensions_Selenium2TestCase->__call('execute', Array)
#4 /var/www/dev/tests/functional/vendor/magento/mtf/Magento/Mtf/Client/Browser.php(297): Magento\Mtf\Client\Driver\Selenium\Driver->getJsErrors()
#5 /var/www/dev/tests/functional/vendor/magento/mtf/Magento/Mtf/System/Observer/ClientError.php(52): Magento\Mtf\Client\Browser->getJsErrors()
#6 /var/www/dev/tests/functional/vendor/magento/mtf/Magento/Mtf/System/Event/EventManager.php(83): Magento\Mtf\System\Observer\ClientError->process(Object(Magento\Mtf\System\Event\Event))
#7 /var/www/dev/tests/functional/vendor/magento/mtf/Magento/Mtf/TestCase/Functional.php(317): Magento\Mtf\System\Event\EventManager->dispatchEvent(Array, Array)
#8 /var/www/dev/tests/functional/vendor/phpunit/phpunit/src/Framework/TestResult.php(701): Magento\Mtf\TestCase\Functional->runBare()
#9 /var/www/dev/tests/functional/vendor/phpunit/phpunit/src/Framework/TestCase.php(892): PHPUnit_Framework_TestResult->run(Object(Magento\Webpos\Test\TestCase\Staff\GridStaffSortingTest))
#10 /var/www/dev/tests/functional/vendor/magento/mtf/Magento/Mtf/TestCase/Functional.php(217): PHPUnit_Framework_TestCase->run(Object(PHPUnit_Framework_TestResult))
#11 /var/www/dev/tests/functional/vendor/magento/mtf/Magento/Mtf/TestCase/Injectable.php(210): Magento\Mtf\TestCase\Functional->run(Object(PHPUnit_Framework_TestResult))
#12 /var/www/dev/tests/functional/vendor/magento/mtf/Magento/Mtf/TestCase/Injectable.php(166): Magento\Mtf\TestCase\Injectable->executeTestVariation(Object(PHPUnit_Framework_TestResult), Array)
#13 /var/www/dev/tests/functional/vendor/phpunit/phpunit/src/Framework/TestSuite.php(753): Magento\Mtf\TestCase\Injectable->run(Object(PHPUnit_Framework_TestResult))
#14 /var/www/dev/tests/functional/vendor/phpunit/phpunit/src/Framework/TestSuite.php(753): PHPUnit_Framework_TestSuite->run(Object(PHPUnit_Framework_TestResult))
#15 /var/www/dev/tests/functional/vendor/phpunit/phpunit/src/Framework/TestSuite.php(753): PHPUnit_Framework_TestSuite->run(Object(PHPUnit_Framework_TestResult))
#16 /var/www/dev/tests/functional/vendor/phpunit/phpunit/src/TextUI/TestRunner.php(465): PHPUnit_Framework_TestSuite->run(Object(PHPUnit_Framework_TestResult))
#17 /var/www/dev/tests/functional/vendor/phpunit/phpunit/src/TextUI/Command.php(185): PHPUnit_TextUI_TestRunner->doRun(Object(PHPUnit_Framework_TestSuite), Array, true)
#18 /var/www/dev/tests/functional/vendor/phpunit/phpunit/src/TextUI/Command.php(115): PHPUnit_TextUI_Command->run(Array, true)
#19 /var/www/dev/tests/functional/vendor/phpunit/phpunit/phpunit(47): PHPUnit_TextUI_Command::main()
#20 {main}
Unable to get Js Errors. Exception: 
PHPUnit_Extensions_Selenium2TestCase_WebDriverException:  (WARNING: The server did not provide any stacktrace information)
Command duration or timeout: 10 milliseconds
Build info: version: '2.53.1', revision: 'a36b8b1', time: '2016-06-30 17:37:03'
System info: host: 'travis-job-8ce81dfb-9d11-4ab9-9803-b9b2ad14f2b5', ip: '127.0.1.1', os.name: 'Linux', os.arch: 'amd64', os.version: '4.4.0-104-generic', java.version: '1.8.0_151'
Driver info: org.openqa.selenium.firefox.FirefoxDriver
Capabilities [{applicationCacheEnabled=true, rotatable=false, handlesAlerts=true, databaseEnabled=true, version=46.0, platform=LINUX, nativeEvents=false, acceptSslCerts=true, webStorageEnabled=true, locationContextEnabled=true, browserName=firefox, takesScreenshot=true, javascriptEnabled=true, cssSelectorsEnabled=true}]
Session ID: 9a9c8a10-5ae8-4f24-a550-2b832e067c86 in /var/www/dev/tests/functional/vendor/phpunit/phpunit-selenium/PHPUnit/Extensions/Selenium2TestCase/Driver.php:165
Stack trace:
#0 /var/www/dev/tests/functional/vendor/phpunit/phpunit-selenium/PHPUnit/Extensions/Selenium2TestCase/Driver.php(175): PHPUnit_Extensions_Selenium2TestCase_Driver->curl('POST', Object(PHPUnit_Extensions_Selenium2TestCase_URL), Array)
#1 /var/www/dev/tests/functional/vendor/phpunit/phpunit-selenium/PHPUnit/Extensions/Selenium2TestCase/CommandsHolder.php(100): PHPUnit_Extensions_Selenium2TestCase_Driver->execute(Object(PHPUnit_Extensions_Selenium2TestCase_ElementCommand_GenericPost))
#2 /var/www/dev/tests/functional/vendor/phpunit/phpunit-selenium/PHPUnit/Extensions/Selenium2TestCase.php(393): PHPUnit_Extensions_Selenium2TestCase_CommandsHolder->__call('execute', Array)
#3 /var/www/dev/tests/functional/vendor/magento/mtf/Magento/Mtf/Client/Driver/Selenium/Driver.php(237): PHPUnit_Extensions_Selenium2TestCase->__call('execute', Array)
#4 /var/www/dev/tests/functional/vendor/magento/mtf/Magento/Mtf/Client/Browser.php(297): Magento\Mtf\Client\Driver\Selenium\Driver->getJsErrors()
#5 /var/www/dev/tests/functional/vendor/magento/mtf/Magento/Mtf/System/Observer/ClientError.php(52): Magento\Mtf\Client\Browser->getJsErrors()
#6 /var/www/dev/tests/functional/vendor/magento/mtf/Magento/Mtf/System/Event/EventManager.php(83): Magento\Mtf\System\Observer\ClientError->process(Object(Magento\Mtf\System\Event\Event))
#7 /var/www/dev/tests/functional/vendor/magento/mtf/Magento/Mtf/TestCase/Functional.php(317): Magento\Mtf\System\Event\EventManager->dispatchEvent(Array, Array)
#8 /var/www/dev/tests/functional/vendor/phpunit/phpunit/src/Framework/TestResult.php(701): Magento\Mtf\TestCase\Functional->runBare()
#9 /var/www/dev/tests/functional/vendor/phpunit/phpunit/src/Framework/TestCase.php(892): PHPUnit_Framework_TestResult->run(Object(Magento\Webpos\Test\TestCase\Staff\MassDeleteStaffEntityTest))
#10 /var/www/dev/tests/functional/vendor/magento/mtf/Magento/Mtf/TestCase/Functional.php(217): PHPUnit_Framework_TestCase->run(Object(PHPUnit_Framework_TestResult))
#11 /var/www/dev/tests/functional/vendor/magento/mtf/Magento/Mtf/TestCase/Injectable.php(210): Magento\Mtf\TestCase\Functional->run(Object(PHPUnit_Framework_TestResult))
#12 /var/www/dev/tests/functional/vendor/magento/mtf/Magento/Mtf/TestCase/Injectable.php(166): Magento\Mtf\TestCase\Injectable->executeTestVariation(Object(PHPUnit_Framework_TestResult), Array)
#13 /var/www/dev/tests/functional/vendor/phpunit/phpunit/src/Framework/TestSuite.php(753): Magento\Mtf\TestCase\Injectable->run(Object(PHPUnit_Framework_TestResult))
#14 /var/www/dev/tests/functional/vendor/phpunit/phpunit/src/Framework/TestSuite.php(753): PHPUnit_Framework_TestSuite->run(Object(PHPUnit_Framework_TestResult))
#15 /var/www/dev/tests/functional/vendor/phpunit/phpunit/src/Framework/TestSuite.php(753): PHPUnit_Framework_TestSuite->run(Object(PHPUnit_Framework_TestResult))
#16 /var/www/dev/tests/functional/vendor/phpunit/phpunit/src/TextUI/TestRunner.php(465): PHPUnit_Framework_TestSuite->run(Object(PHPUnit_Framework_TestResult))
#17 /var/www/dev/tests/functional/vendor/phpunit/phpunit/src/TextUI/Command.php(185): PHPUnit_TextUI_TestRunner->doRun(Object(PHPUnit_Framework_TestSuite), Array, true)
#18 /var/www/dev/tests/functional/vendor/phpunit/phpunit/src/TextUI/Command.php(115): PHPUnit_TextUI_Command->run(Array, true)
#19 /var/www/dev/tests/functional/vendor/phpunit/phpunit/phpunit(47): PHPUnit_TextUI_Command::main()
#20 {main}
Unable to get Js Errors. Exception: 
PHPUnit_Extensions_Selenium2TestCase_WebDriverException:  (WARNING: The server did not provide any stacktrace information)
Command duration or timeout: 9 milliseconds
Build info: version: '2.53.1', revision: 'a36b8b1', time: '2016-06-30 17:37:03'
System info: host: 'travis-job-8ce81dfb-9d11-4ab9-9803-b9b2ad14f2b5', ip: '127.0.1.1', os.name: 'Linux', os.arch: 'amd64', os.version: '4.4.0-104-generic', java.version: '1.8.0_151'
Driver info: org.openqa.selenium.firefox.FirefoxDriver
Capabilities [{applicationCacheEnabled=true, rotatable=false, handlesAlerts=true, databaseEnabled=true, version=46.0, platform=LINUX, nativeEvents=false, acceptSslCerts=true, webStorageEnabled=true, locationContextEnabled=true, browserName=firefox, takesScreenshot=true, javascriptEnabled=true, cssSelectorsEnabled=true}]
Session ID: 66139695-2a85-48bb-8524-b2ec4d4346a9 in /var/www/dev/tests/functional/vendor/phpunit/phpunit-selenium/PHPUnit/Extensions/Selenium2TestCase/Driver.php:165
Stack trace:
#0 /var/www/dev/tests/functional/vendor/phpunit/phpunit-selenium/PHPUnit/Extensions/Selenium2TestCase/Driver.php(175): PHPUnit_Extensions_Selenium2TestCase_Driver->curl('POST', Object(PHPUnit_Extensions_Selenium2TestCase_URL), Array)
#1 /var/www/dev/tests/functional/vendor/phpunit/phpunit-selenium/PHPUnit/Extensions/Selenium2TestCase/CommandsHolder.php(100): PHPUnit_Extensions_Selenium2TestCase_Driver->execute(Object(PHPUnit_Extensions_Selenium2TestCase_ElementCommand_GenericPost))
#2 /var/www/dev/tests/functional/vendor/phpunit/phpunit-selenium/PHPUnit/Extensions/Selenium2TestCase.php(393): PHPUnit_Extensions_Selenium2TestCase_CommandsHolder->__call('execute', Array)
#3 /var/www/dev/tests/functional/vendor/magento/mtf/Magento/Mtf/Client/Driver/Selenium/Driver.php(237): PHPUnit_Extensions_Selenium2TestCase->__call('execute', Array)
#4 /var/www/dev/tests/functional/vendor/magento/mtf/Magento/Mtf/Client/Browser.php(297): Magento\Mtf\Client\Driver\Selenium\Driver->getJsErrors()
#5 /var/www/dev/tests/functional/vendor/magento/mtf/Magento/Mtf/System/Observer/ClientError.php(52): Magento\Mtf\Client\Browser->getJsErrors()
#6 /var/www/dev/tests/functional/vendor/magento/mtf/Magento/Mtf/System/Event/EventManager.php(83): Magento\Mtf\System\Observer\ClientError->process(Object(Magento\Mtf\System\Event\Event))
#7 /var/www/dev/tests/functional/vendor/magento/mtf/Magento/Mtf/TestCase/Functional.php(317): Magento\Mtf\System\Event\EventManager->dispatchEvent(Array, Array)
#8 /var/www/dev/tests/functional/vendor/phpunit/phpunit/src/Framework/TestResult.php(701): Magento\Mtf\TestCase\Functional->runBare()
#9 /var/www/dev/tests/functional/vendor/phpunit/phpunit/src/Framework/TestCase.php(892): PHPUnit_Framework_TestResult->run(Object(Magento\Webpos\Test\TestCase\Zreport\WebposZreportGridFilteringTest))
#10 /var/www/dev/tests/functional/vendor/magento/mtf/Magento/Mtf/TestCase/Functional.php(217): PHPUnit_Framework_TestCase->run(Object(PHPUnit_Framework_TestResult))
#11 /var/www/dev/tests/functional/vendor/magento/mtf/Magento/Mtf/TestCase/Injectable.php(210): Magento\Mtf\TestCase\Functional->run(Object(PHPUnit_Framework_TestResult))
#12 /var/www/dev/tests/functional/vendor/magento/mtf/Magento/Mtf/TestCase/Injectable.php(166): Magento\Mtf\TestCase\Injectable->executeTestVariation(Object(PHPUnit_Framework_TestResult), Array)
#13 /var/www/dev/tests/functional/vendor/phpunit/phpunit/src/Framework/TestSuite.php(753): Magento\Mtf\TestCase\Injectable->run(Object(PHPUnit_Framework_TestResult))
#14 /var/www/dev/tests/functional/vendor/phpunit/phpunit/src/Framework/TestSuite.php(753): PHPUnit_Framework_TestSuite->run(Object(PHPUnit_Framework_TestResult))
#15 /var/www/dev/tests/functional/vendor/phpunit/phpunit/src/Framework/TestSuite.php(753): PHPUnit_Framework_TestSuite->run(Object(PHPUnit_Framework_TestResult))
#16 /var/www/dev/tests/functional/vendor/phpunit/phpunit/src/TextUI/TestRunner.php(465): PHPUnit_Framework_TestSuite->run(Object(PHPUnit_Framework_TestResult))
#17 /var/www/dev/tests/functional/vendor/phpunit/phpunit/src/TextUI/Command.php(185): PHPUnit_TextUI_TestRunner->doRun(Object(PHPUnit_Framework_TestSuite), Array, true)
#18 /var/www/dev/tests/functional/vendor/phpunit/phpunit/src/TextUI/Command.php(115): PHPUnit_TextUI_Command->run(Array, true)
#19 /var/www/dev/tests/functional/vendor/phpunit/phpunit/phpunit(47): PHPUnit_TextUI_Command::main()
#20 {main}
