
FILE: ...nsion/app/code/Magestore/Customercredit/Model/Customercredit.php
----------------------------------------------------------------------
FOUND 1 ERROR AFFECTING 1 LINE
----------------------------------------------------------------------
 274 | ERROR | Use of echo language construct is discouraged.
----------------------------------------------------------------------


FILE: ...xtension/app/code/Magestore/Customercredit/Model/Transaction.php
----------------------------------------------------------------------
FOUND 1 ERROR AFFECTING 1 LINE
----------------------------------------------------------------------
 134 | ERROR | Use of die language construct is discouraged.
----------------------------------------------------------------------


FILE: ...extension/app/code/Magestore/Customercredit/Model/Creditcode.php
----------------------------------------------------------------------
FOUND 2 ERRORS AFFECTING 2 LINES
----------------------------------------------------------------------
 109 | ERROR | Use of echo language construct is discouraged.
 129 | ERROR | Use of echo language construct is discouraged.
----------------------------------------------------------------------


FILE: ...Magestore/Customercredit/Observer/Adminhtml/ProductSaveAfter.php
----------------------------------------------------------------------
FOUND 1 ERROR AFFECTING 1 LINE
----------------------------------------------------------------------
 64 | ERROR | Use of die language construct is discouraged.
----------------------------------------------------------------------


FILE: ...app/code/Magestore/Customercredit/Observer/CustomerSaveAfter.php
----------------------------------------------------------------------
FOUND 2 ERRORS AFFECTING 2 LINES
----------------------------------------------------------------------
  98 | ERROR | Identical operator === is not used for testing the
     |       | return value of strpos function
 165 | ERROR | Use of die language construct is discouraged.
----------------------------------------------------------------------


FILE: ...it/Ui/DataProvider/Product/Form/Modifier/StoreCreditFieldset.php
----------------------------------------------------------------------
FOUND 1 ERROR AFFECTING 1 LINE
----------------------------------------------------------------------
 42 | ERROR | Each class must be in a file by itself
----------------------------------------------------------------------

Time: 14.88 secs; Memory: 14Mb

