[date: 2018-07-09 07:19:22+00:00] [id: e429f312a21ba9b737b85e52e1d0f9095f3f8bac] [state: No AppState Applied] [test suite: Magento\Webpos\Test\TestCase\Checkout\PaymentMethod\WebposCheckoutPaymentMethodCP210Test] [test case: Magento\Webpos\Test\TestCase\Checkout\PaymentMethod\WebposCheckoutPaymentMethodCP210Test] [test method: test with data set "WebposCheckoutPaymentMethodCP210_CP210_0"] [stage: Main Test Flow] [url: about:blank] TaxClass page - CategoryRepository. On Tab PaymentMethod. Add More Payment is disable.
Failed asserting that false is true.
[date: 2018-07-09 07:22:43+00:00] [id: ed0bcec08977e494832514b41614d663b8d25299] [state: No AppState Applied] [test suite: Magento\Webpos\Test\TestCase\Checkout\PaymentMethod\WebposCheckoutPaymentMethodCP214Test] [test case: Magento\Webpos\Test\TestCase\Checkout\PaymentMethod\WebposCheckoutPaymentMethodCP214Test] [test method: test with data set "WebposCheckoutPaymentMethodCP214_CP214_0"] [stage: Main Test Flow] [url: about:blank] TaxClass page - CategoryRepository. On Tab PaymentMethod. Remain money less fill amount.
Failed asserting that '163.00' matches expected 158.0.
[date: 2018-07-09 07:23:32+00:00] [id: 8c44fe22d8fb07d32f8f08631b9502c32cc5bae1] [state: No AppState Applied] [test suite: Magento\Webpos\Test\TestCase\Checkout\PaymentMethod\WebposCheckoutPaymentMethodCP215Test] [test case: Magento\Webpos\Test\TestCase\Checkout\PaymentMethod\WebposCheckoutPaymentMethodCP215Test] [test method: test with data set "WebposCheckoutPaymentMethodCP215_CP215_0"] [stage: Main Test Flow] [url: about:blank] Offset within element cannot be scrolled into view: (205, 17.5): [object HTMLButtonElement]
Build info: version: '2.53.1', revision: 'a36b8b1', time: '2016-06-30 17:37:03'
System info: host: 'travis-job-8310be8c-7401-4451-9dfb-12c1058d3b17', ip: '127.0.1.1', os.name: 'Linux', os.arch: 'amd64', os.version: '4.4.0-104-generic', java.version: '1.8.0_151'
Driver info: driver.version: unknown
[date: 2018-07-09 07:24:34+00:00] [id: 77f3555df36a7b957358d5bf2d51600590c2c523] [state: No AppState Applied] [test suite: Magento\Webpos\Test\TestCase\Checkout\PaymentMethod\WebposCheckoutPaymentMethodCP216Test] [test case: Magento\Webpos\Test\TestCase\Checkout\PaymentMethod\WebposCheckoutPaymentMethodCP216Test] [test method: test with data set "WebposCheckoutPaymentMethodCP216_CP216_0"] [stage: Main Test Flow] [url: about:blank] TaxClass page - CategoryRepository. On Tab PaymentMethod. Status order total paid.
Failed asserting that two strings are equal.
[date: 2018-07-09 07:25:23+00:00] [id: be58483790e4d66388dd601717d91fcf2496b02a] [state: No AppState Applied] [test suite: Magento\Webpos\Test\TestCase\Checkout\PaymentMethod\WebposCheckoutPaymentMethodCP217Test] [test case: Magento\Webpos\Test\TestCase\Checkout\PaymentMethod\WebposCheckoutPaymentMethodCP217Test] [test method: test with data set "WebposCheckoutPaymentMethodCP217_CP217_0"] [stage: Main Test Flow] [url: about:blank] TaxClass page - CategoryRepository. On Tab PaymentMethod. Remain money equals fill amount.
Failed asserting that '163.00' matches expected 0.0.
[date: 2018-07-09 07:27:41+00:00] [id: fd4c3305e0235ee15be994f42d1b2bc14792b703] [state: No AppState Applied] [test suite: Magento\Webpos\Test\TestCase\Checkout\PaymentMethod\WebposCheckoutPaymentMethodCP218Test] [test case: Magento\Webpos\Test\TestCase\Checkout\PaymentMethod\WebposCheckoutPaymentMethodCP218Test] [test method: test with data set "WebposCheckoutPaymentMethodCP218_CP218_0"] [stage: Main Test Flow] [url: about:blank] Error occurred on attempt to get element. Message: "Timed out after 90 seconds". Locator: "css selector(#webpos_checkout) -> css selector(#can_paid)" . Wait: "1"
[date: 2018-07-09 07:28:30+00:00] [id: 4c9b29a25681afeb5237e0764eb8a19bf9c21f80] [state: No AppState Applied] [test suite: Magento\Webpos\Test\TestCase\Checkout\PaymentMethod\WebposCheckoutPaymentMethodCP219Test] [test case: Magento\Webpos\Test\TestCase\Checkout\PaymentMethod\WebposCheckoutPaymentMethodCP219Test] [test method: test with data set "WebposCheckoutPaymentMethodCP219_CP219_0"] [stage: Main Test Flow] [url: about:blank] Offset within element cannot be scrolled into view: (205, 17.5): [object HTMLButtonElement]
Build info: version: '2.53.1', revision: 'a36b8b1', time: '2016-06-30 17:37:03'
System info: host: 'travis-job-8310be8c-7401-4451-9dfb-12c1058d3b17', ip: '127.0.1.1', os.name: 'Linux', os.arch: 'amd64', os.version: '4.4.0-104-generic', java.version: '1.8.0_151'
Driver info: driver.version: unknown
[date: 2018-07-09 07:30:48+00:00] [id: b8de175c2fff3b10087241270787938944a4a89b] [state: No AppState Applied] [test suite: Magento\Webpos\Test\TestCase\Checkout\PaymentMethod\WebposCheckoutPaymentMethodCP220Test] [test case: Magento\Webpos\Test\TestCase\Checkout\PaymentMethod\WebposCheckoutPaymentMethodCP220Test] [test method: test with data set "WebposCheckoutPaymentMethodCP220_CP220_0"] [stage: Main Test Flow] [url: about:blank] Error occurred on attempt to get element. Message: "Timed out after 90 seconds". Locator: "css selector(#webpos_checkout) -> css selector(#can_paid)" . Wait: "1"
[date: 2018-07-09 07:33:15+00:00] [id: ba6cc820b8b9454f82891bd81455204abd431778] [state: No AppState Applied] [test suite: Magento\Webpos\Test\TestCase\Checkout\PaymentMethod\WebposCheckoutPaymentMethodCP221Test] [test case: Magento\Webpos\Test\TestCase\Checkout\PaymentMethod\WebposCheckoutPaymentMethodCP221Test] [test method: test with data set "WebposCheckoutPaymentMethodCP221_CP221_0"] [stage: Main Test Flow] [url: about:blank] Timed out after 90 seconds
[date: 2018-07-09 07:34:06+00:00] [id: 3e51dba7a436b3aad1c9e97bfb3e5404d984a7e6] [state: No AppState Applied] [test suite: Magento\Webpos\Test\TestCase\Checkout\PaymentMethod\WebposCheckoutPaymentMethodCP222Test] [test case: Magento\Webpos\Test\TestCase\Checkout\PaymentMethod\WebposCheckoutPaymentMethodCP222Test] [test method: test with data set "WebposCheckoutPaymentMethodCP222_CP222_0"] [stage: Main Test Flow] [url: about:blank] TaxClass page - CategoryRepository. On Tab PaymentMethod. Remain money less fill amount.
Failed asserting that two strings are equal.
[date: 2018-07-09 07:36:36+00:00] [id: 1196683a77a8b8094c098bcd646a1310f62732a1] [state: No AppState Applied] [test suite: Magento\Webpos\Test\TestCase\Checkout\PaymentMethod\WebposCheckoutPaymentMethodCP225Test] [test case: Magento\Webpos\Test\TestCase\Checkout\PaymentMethod\WebposCheckoutPaymentMethodCP225Test] [test method: test with data set "WebposCheckoutPaymentMethodCP225_CP225_0"] [stage: Main Test Flow] [url: about:blank] Offset within element cannot be scrolled into view: (205, 17.5): [object HTMLButtonElement]
Build info: version: '2.53.1', revision: 'a36b8b1', time: '2016-06-30 17:37:03'
System info: host: 'travis-job-8310be8c-7401-4451-9dfb-12c1058d3b17', ip: '127.0.1.1', os.name: 'Linux', os.arch: 'amd64', os.version: '4.4.0-104-generic', java.version: '1.8.0_151'
Driver info: driver.version: unknown
