[2018-07-19 23:37:19] main.WARNING: Memory size allocated for the temporary table is more than 20% of innodb_buffer_pool_size. Please update innodb_buffer_pool_size or decrease batch size value (which decreases memory usages for the temporary table). Current batch size: 100000; Allocated memory size: 50000000 bytes; InnoDB buffer pool size: 134217728 bytes. [] []
[2018-07-19 23:37:19] main.WARNING: Memory size allocated for the temporary table is more than 20% of innodb_buffer_pool_size. Please update innodb_buffer_pool_size or decrease batch size value (which decreases memory usages for the temporary table). Current batch size: 100000; Allocated memory size: 50000000 bytes; InnoDB buffer pool size: 134217728 bytes. [] []
[2018-07-19 23:37:20] main.WARNING: Memory size allocated for the temporary table is more than 20% of innodb_buffer_pool_size. Please update innodb_buffer_pool_size or decrease batch size value (which decreases memory usages for the temporary table). Current batch size: 100000; Allocated memory size: 50000000 bytes; InnoDB buffer pool size: 134217728 bytes. [] []
[2018-07-19 23:37:20] main.WARNING: Memory size allocated for the temporary table is more than 20% of innodb_buffer_pool_size. Please update innodb_buffer_pool_size or decrease batch size value (which decreases memory usages for the temporary table). Current batch size: 100000; Allocated memory size: 50000000 bytes; InnoDB buffer pool size: 134217728 bytes. [] []
[2018-07-19 23:37:20] main.WARNING: Memory size allocated for the temporary table is more than 20% of innodb_buffer_pool_size. Please update innodb_buffer_pool_size or decrease batch size value (which decreases memory usages for the temporary table). Current batch size: 100000; Allocated memory size: 50000000 bytes; InnoDB buffer pool size: 134217728 bytes. [] []
[2018-07-19 23:37:20] main.WARNING: Memory size allocated for the temporary table is more than 20% of innodb_buffer_pool_size. Please update innodb_buffer_pool_size or decrease batch size value (which decreases memory usages for the temporary table). Current batch size: 100000; Allocated memory size: 50000000 bytes; InnoDB buffer pool size: 134217728 bytes. [] []
[2018-07-19 23:38:07] main.INFO: /home/travis/.phpenv/versions/7.1.11/bin/php -f /var/www/bin/magento setup:di:compile 2>&1
Compilation was started.
%message% 0/7 [>---------------------------]   0% < 1 sec 60.0 MiB%message% 0/7 [>---------------------------]   0% < 1 sec 60.0 MiBProxies code generation... 0/7 [>---------------------------]   0% < 1 sec 60.0 MiB
Proxies code generation... 1/7 [====>-----------------------]  14% < 1 sec 64.0 MiB
Repositories code generation... 1/7 [====>-----------------------]  14% < 1 sec 64.0 MiB
Repositories code generation... 2/7 [========>-------------------]  28% 4 secs 188.0 MiB
Service data attributes generation... 2/7 [========>-------------------]  28% 4 secs 188.0 MiB
Service data attributes generation... 3/7 [============>---------------]  42% 4 secs 188.0 MiB
Application code generator... 3/7 [============>---------------]  42% 4 secs 188.0 MiB
Application code generator... 4/7 [================>-----------]  57% 8 secs 214.0 MiB
Interceptors generation... 4/7 [================>-----------]  57% 8 secs 214.0 MiB
Interceptors generation... 5/7 [====================>-------]  71% 16 secs 232.0 MiB
Area configuration aggregation... 5/7 [====================>-------]  71% 16 secs 232.0 MiB
Area configuration aggregation... 6/7 [========================>---]  85% 20 secs 308.0 MiB
Interception cache generation... 6/7 [========================>---]  85% 20 secs 308.0 MiB
Interception cache generation... 7/7 [============================] 100% 23 secs 308.0 MiB
Generated code and dependency injection configuration successfully. [] []
[2018-07-19 23:38:35] main.INFO: /home/travis/.phpenv/versions/7.1.11/bin/php -f /var/www/bin/magento setup:static-content:deploy -f en_US 2>&1

Deploy using quick strategy
frontend/Magento/blank/en_US            0/2163              >--------------------------- 0% %    < 1 sec
[1A[2Kfrontend/Magento/blank/en_US            104/2163            =>-------------------------- 4% %    1 sec
[1A[2Kfrontend/Magento/blank/en_US            1835/2163           =======================>---- 84% %   2 secs
[1A[2Kfrontend/Magento/blank/en_US            2065/2163           ==========================>- 95% %   3 secs
[1A[2Kfrontend/Magento/blank/en_US            2066/2163           ==========================>- 95% %   5 secs
[1A[2Kfrontend/Magento/blank/en_US            2068/2163           ==========================>- 95% %   6 secs
[1A[2Kfrontend/Magento/blank/en_US            2163/2163           ============================ 100% %  6 secs
adminhtml/Magento/backend/en_US         0/2108              >--------------------------- 0% %    1 sec
[1A[2K[1A[2Kfrontend/Magento/blank/en_US            2163/2163           ============================ 100% %  6 secs
adminhtml/Magento/backend/en_US         950/2108            ============>--------------- 45% %   2 secs
[1A[2K[1A[2Kfrontend/Magento/blank/en_US            2163/2163           ============================ 100% %  6 secs
adminhtml/Magento/backend/en_US         1845/2108           ========================>--- 87% %   3 secs
[1A[2K[1A[2Kfrontend/Magento/blank/en_US            2163/2163           ============================ 100% %  6 secs
adminhtml/Magento/backend/en_US         1846/2108           ========================>--- 87% %   7 secs
[1A[2K[1A[2Kfrontend/Magento/blank/en_US            2163/2163           ============================ 100% %  6 secs
adminhtml/Magento/backend/en_US         2108/2108           ============================ 100% %  7 secs
frontend/Magento/luma/en_US             804/2179            ==========>----------------- 36% %   1 sec
[1A[2K[1A[2K[1A[2Kfrontend/Magento/blank/en_US            2163/2163           ============================ 100% %  6 secs
adminhtml/Magento/backend/en_US         2108/2108           ============================ 100% %  7 secs
frontend/Magento/luma/en_US             2064/2179           ==========================>- 94% %   2 secs
[1A[2K[1A[2K[1A[2Kfrontend/Magento/blank/en_US            2163/2163           ============================ 100% %  6 secs
adminhtml/Magento/backend/en_US         2108/2108           ============================ 100% %  7 secs
frontend/Magento/luma/en_US             2065/2179           ==========================>- 94% %   3 secs
[1A[2K[1A[2K[1A[2Kfrontend/Magento/blank/en_US            2163/2163           ============================ 100% %  6 secs
adminhtml/Magento/backend/en_US         2108/2108           ============================ 100% %  7 secs
frontend/Magento/luma/en_US             2066/2179           ==========================>- 94% %   6 secs
[1A[2K[1A[2K[1A[2Kfrontend/Magento/blank/en_US            2163/2163           ============================ 100% %  6 secs
adminhtml/Magento/backend/en_US         2108/2108           ============================ 100% %  7 secs
frontend/Magento/luma/en_US             2179/2179           ============================ 100% %  6 secs

Execution time: 23.901059865952 [] []
[2018-07-19 23:41:06] main.INFO: Item Magento_Backend::system_currency was removed [] []
[2018-07-19 23:41:06] main.INFO: Item Magestore_InventorySuccess::inventory was updated [] []
[2018-07-19 23:41:06] main.INFO: Item Magestore_DropshipSuccess::separate was updated [] []
[2018-07-19 23:41:06] main.INFO: Item Magestore_DropshipSuccess::separate2 was updated [] []
[2018-07-19 23:41:06] main.INFO: Item Magestore_DropshipSuccess::separate3 was updated [] []
[2018-07-19 23:41:06] main.INFO: Item Magestore_DropshipSuccess::separate4 was updated [] []
[2018-07-19 23:41:06] main.INFO: Item Magestore_SupplierSuccess::supplier was updated [] []
[2018-07-19 23:41:06] main.INFO: Item Magestore_OrderSuccess::all was updated [] []
[2018-07-19 23:41:06] main.INFO: Item Magestore_OrderSuccess::order_process was updated [] []
[2018-07-19 23:41:06] main.INFO: Item Magestore_OrderSuccess::need_to_verify was updated [] []
[2018-07-19 23:41:06] main.INFO: Item Magestore_OrderSuccess::need_to_ship was updated [] []
[2018-07-19 23:41:06] main.INFO: Item Magestore_SupplierSuccess::supplier was updated [] []
[2018-07-19 23:41:06] main.INFO: Item Magestore_SupplierSuccess::supplier_configuration was updated [] []
[2018-07-19 23:41:06] main.INFO: Add of item with id Magento_Backend::system_design_schedule was processed [] []
[2018-07-19 23:41:06] main.INFO: Add of item with id Magento_Backend::system_store was processed [] []
[2018-07-19 23:41:06] main.INFO: Add of item with id Magento_Backend::dashboard was processed [] []
[2018-07-19 23:41:06] main.INFO: Add of item with id Magento_Backend::system was processed [] []
[2018-07-19 23:41:06] main.INFO: Add of item with id Magento_Backend::system_tools was processed [] []
[2018-07-19 23:41:06] main.INFO: Add of item with id Magento_Backend::system_design was processed [] []
[2018-07-19 23:41:06] main.INFO: Add of item with id Magento_Backend::system_convert was processed [] []
[2018-07-19 23:41:06] main.INFO: Add of item with id Magento_Backend::system_cache was processed [] []
[2018-07-19 23:41:06] main.INFO: Add of item with id Magento_Backend::marketing was processed [] []
[2018-07-19 23:41:06] main.INFO: Add of item with id Magento_Backend::marketing_communications was processed [] []
[2018-07-19 23:41:06] main.INFO: Add of item with id Magento_Backend::marketing_seo was processed [] []
[2018-07-19 23:41:06] main.INFO: Add of item with id Magento_Backend::marketing_user_content was processed [] []
[2018-07-19 23:41:06] main.INFO: Add of item with id Magento_Backend::content was processed [] []
[2018-07-19 23:41:06] main.INFO: Add of item with id Magento_Backend::content_elements was processed [] []
[2018-07-19 23:41:06] main.INFO: Add of item with id Magento_Backend::stores was processed [] []
[2018-07-19 23:41:06] main.INFO: Add of item with id Magento_Backend::stores_settings was processed [] []
[2018-07-19 23:41:06] main.INFO: Add of item with id Magento_Backend::stores_attributes was processed [] []
[2018-07-19 23:41:06] main.INFO: Add of item with id Magento_Backend::other_settings was processed [] []
[2018-07-19 23:41:06] main.INFO: Add of item with id Magento_Backend::system_other_settings was processed [] []
[2018-07-19 23:41:06] main.INFO: Add of item with id Magento_Backend::setup_wizard was processed [] []
[2018-07-19 23:41:06] main.INFO: Add of item with id Magento_Theme::design_config was processed [] []
[2018-07-19 23:41:06] main.INFO: Add of item with id Magento_Theme::system_design_theme was processed [] []
[2018-07-19 23:41:06] main.INFO: Add of item with id Magento_Customer::customer was processed [] []
[2018-07-19 23:41:06] main.INFO: Add of item with id Magento_Customer::customer_manage was processed [] []
[2018-07-19 23:41:06] main.INFO: Add of item with id Magento_Customer::customer_online was processed [] []
[2018-07-19 23:41:06] main.INFO: Add of item with id Magento_Customer::customer_group was processed [] []
[2018-07-19 23:41:06] main.INFO: Add of item with id Magento_AdminNotification::system_adminnotification was processed [] []
[2018-07-19 23:41:06] main.INFO: Add of item with id Magento_Indexer::system_index was processed [] []
[2018-07-19 23:41:06] main.INFO: Add of item with id Magento_Config::system_config was processed [] []
[2018-07-19 23:41:06] main.INFO: Add of item with id Magento_Cms::cms_page was processed [] []
[2018-07-19 23:41:06] main.INFO: Add of item with id Magento_Cms::cms_block was processed [] []
[2018-07-19 23:41:06] main.INFO: Add of item with id Magento_Backup::system_tools_backup was processed [] []
[2018-07-19 23:41:06] main.INFO: Add of item with id Magento_Catalog::catalog was processed [] []
[2018-07-19 23:41:06] main.INFO: Add of item with id Magento_Catalog::catalog_products was processed [] []
[2018-07-19 23:41:06] main.INFO: Add of item with id Magento_Catalog::catalog_categories was processed [] []
[2018-07-19 23:41:06] main.INFO: Add of item with id Magento_Catalog::catalog_attributes_attributes was processed [] []
[2018-07-19 23:41:06] main.INFO: Add of item with id Magento_Catalog::catalog_attributes_sets was processed [] []
[2018-07-19 23:41:06] main.INFO: Add of item with id Magento_Catalog::inventory was processed [] []
[2018-07-19 23:41:06] main.INFO: Add of item with id Magento_Search::search_terms was processed [] []
[2018-07-19 23:41:06] main.INFO: Add of item with id Magento_Search::search_synonyms was processed [] []
[2018-07-19 23:41:06] main.INFO: Add of item with id Magento_UrlRewrite::urlrewrite was processed [] []
[2018-07-19 23:41:06] main.INFO: Add of item with id Magento_Sales::sales was processed [] []
[2018-07-19 23:41:06] main.INFO: Add of item with id Magento_Sales::sales_operation was processed [] []
[2018-07-19 23:41:06] main.INFO: Add of item with id Magento_Sales::sales_order was processed [] []
[2018-07-19 23:41:06] main.INFO: Add of item with id Magento_Sales::sales_invoice was processed [] []
[2018-07-19 23:41:06] main.INFO: Add of item with id Magento_Sales::sales_shipment was processed [] []
[2018-07-19 23:41:06] main.INFO: Add of item with id Magento_Sales::sales_creditmemo was processed [] []
[2018-07-19 23:41:06] main.INFO: Add of item with id Magento_Sales::sales_transactions was processed [] []
[2018-07-19 23:41:06] main.INFO: Add of item with id Magento_Sales::system_order_statuses was processed [] []
[2018-07-19 23:41:06] main.INFO: Add of item with id Magento_Widget::cms_widget_instance was processed [] []
[2018-07-19 23:41:06] main.INFO: Add of item with id Magento_CheckoutAgreements::sales_checkoutagreement was processed [] []
[2018-07-19 23:41:06] main.INFO: Add of item with id Magento_Downloadable::report_products_downloads was processed [] []
[2018-07-19 23:41:06] main.INFO: Add of item with id Magento_User::system_acl was processed [] []
[2018-07-19 23:41:06] main.INFO: Add of item with id Magento_User::system_acl_users was processed [] []
[2018-07-19 23:41:06] main.INFO: Add of item with id Magento_User::system_acl_roles was processed [] []
[2018-07-19 23:41:06] main.INFO: Add of item with id Magento_User::system_acl_locks was processed [] []
[2018-07-19 23:41:06] main.INFO: Add of item with id Magento_Tax::sales_tax was processed [] []
[2018-07-19 23:41:06] main.INFO: Add of item with id Magento_Tax::sales_tax_rules was processed [] []
[2018-07-19 23:41:06] main.INFO: Add of item with id Magento_Tax::sales_tax_rates was processed [] []
[2018-07-19 23:41:06] main.INFO: Add of item with id Magento_Email::template was processed [] []
[2018-07-19 23:41:06] main.INFO: Add of item with id Magento_CurrencySymbol::system_currency was processed [] []
[2018-07-19 23:41:06] main.INFO: Add of item with id Magento_CurrencySymbol::system_currency_rates was processed [] []
[2018-07-19 23:41:06] main.INFO: Add of item with id Magento_CurrencySymbol::system_currency_symbols was processed [] []
[2018-07-19 23:41:06] main.INFO: Add of item with id Magento_Paypal::report_salesroot_paypal_settlement_reports was processed [] []
[2018-07-19 23:41:06] main.INFO: Add of item with id Magento_Paypal::paypal_billing_agreement was processed [] []
[2018-07-19 23:41:06] main.INFO: Add of item with id Magento_Integration::system_extensions was processed [] []
[2018-07-19 23:41:06] main.INFO: Add of item with id Magento_Integration::system_integrations was processed [] []
[2018-07-19 23:41:06] main.INFO: Add of item with id Amazon_Core::logs was processed [] []
[2018-07-19 23:41:06] main.INFO: Add of item with id Amazon_Core::client_logs was processed [] []
[2018-07-19 23:41:06] main.INFO: Add of item with id Amazon_Core::ipn_logs was processed [] []
[2018-07-19 23:41:06] main.INFO: Add of item with id Magento_CatalogRule::promo was processed [] []
[2018-07-19 23:41:06] main.INFO: Add of item with id Magento_CatalogRule::promo_catalog was processed [] []
[2018-07-19 23:41:06] main.INFO: Add of item with id Magento_ImportExport::system_convert_import was processed [] []
[2018-07-19 23:41:06] main.INFO: Add of item with id Magento_ImportExport::system_convert_export was processed [] []
[2018-07-19 23:41:06] main.INFO: Add of item with id Magento_ImportExport::system_convert_history was processed [] []
[2018-07-19 23:41:06] main.INFO: Add of item with id Magento_Newsletter::newsletter_template was processed [] []
[2018-07-19 23:41:06] main.INFO: Add of item with id Magento_Newsletter::newsletter_queue was processed [] []
[2018-07-19 23:41:06] main.INFO: Add of item with id Magento_Newsletter::newsletter_subscriber was processed [] []
[2018-07-19 23:41:06] main.INFO: Add of item with id Magento_Newsletter::newsletter_problem was processed [] []
[2018-07-19 23:41:06] main.INFO: Add of item with id Magento_EncryptionKey::system_crypt_key was processed [] []
[2018-07-19 23:41:06] main.INFO: Add of item with id Magento_Braintree::settlement_report was processed [] []
[2018-07-19 23:41:06] main.INFO: Add of item with id Magento_Analytics::business_intelligence was processed [] []
[2018-07-19 23:41:06] main.INFO: Add of item with id Magento_Analytics::advanced_reporting was processed [] []
[2018-07-19 23:41:06] main.INFO: Add of item with id Magento_Analytics::bi_essentials was processed [] []
[2018-07-19 23:41:06] main.INFO: Add of item with id Magento_Marketplace::partners was processed [] []
[2018-07-19 23:41:06] main.INFO: Add of item with id Magento_SalesRule::promo_quote was processed [] []
[2018-07-19 23:41:06] main.INFO: Add of item with id Magento_Reports::report was processed [] []
[2018-07-19 23:41:06] main.INFO: Add of item with id Magento_Reports::report_marketing was processed [] []
[2018-07-19 23:41:06] main.INFO: Add of item with id Magento_Reports::report_salesroot was processed [] []
[2018-07-19 23:41:06] main.INFO: Add of item with id Magento_Reports::report_salesroot_sales was processed [] []
[2018-07-19 23:41:06] main.INFO: Add of item with id Magento_Reports::report_salesroot_tax was processed [] []
[2018-07-19 23:41:06] main.INFO: Add of item with id Magento_Reports::report_salesroot_invoiced was processed [] []
[2018-07-19 23:41:06] main.INFO: Add of item with id Magento_Reports::report_salesroot_shipping was processed [] []
[2018-07-19 23:41:06] main.INFO: Add of item with id Magento_Reports::report_salesroot_refunded was processed [] []
[2018-07-19 23:41:06] main.INFO: Add of item with id Magento_Reports::report_salesroot_coupons was processed [] []
[2018-07-19 23:41:06] main.INFO: Add of item with id Magento_Reports::report_shopcart_product was processed [] []
[2018-07-19 23:41:06] main.INFO: Add of item with id Magento_Reports::report_shopcart_abandoned was processed [] []
[2018-07-19 23:41:06] main.INFO: Add of item with id Magento_Reports::report_products was processed [] []
[2018-07-19 23:41:06] main.INFO: Add of item with id Magento_Reports::report_products_bestsellers was processed [] []
[2018-07-19 23:41:06] main.INFO: Add of item with id Magento_Reports::report_products_sold was processed [] []
[2018-07-19 23:41:06] main.INFO: Add of item with id Magento_Reports::report_products_viewed was processed [] []
[2018-07-19 23:41:06] main.INFO: Add of item with id Magento_Reports::report_products_lowstock was processed [] []
[2018-07-19 23:41:06] main.INFO: Add of item with id Magento_Reports::report_customers was processed [] []
[2018-07-19 23:41:06] main.INFO: Add of item with id Magento_Reports::report_customers_accounts was processed [] []
[2018-07-19 23:41:06] main.INFO: Add of item with id Magento_Reports::report_customers_totals was processed [] []
[2018-07-19 23:41:06] main.INFO: Add of item with id Magento_Reports::report_customers_orders was processed [] []
[2018-07-19 23:41:06] main.INFO: Add of item with id Magento_Reports::report_statistics was processed [] []
[2018-07-19 23:41:06] main.INFO: Add of item with id Magento_Reports::report_statistics_refresh was processed [] []
[2018-07-19 23:41:06] main.INFO: Add of item with id Magento_Search::report_search_term was processed [] []
[2018-07-19 23:41:06] main.INFO: Add of item with id Magento_Review::catalog_reviews_ratings_ratings was processed [] []
[2018-07-19 23:41:06] main.INFO: Add of item with id Magento_Review::catalog_reviews_ratings_reviews_all was processed [] []
[2018-07-19 23:41:06] main.INFO: Add of item with id Magento_Review::report_review was processed [] []
[2018-07-19 23:41:06] main.INFO: Add of item with id Magento_Review::report_review_customer was processed [] []
[2018-07-19 23:41:06] main.INFO: Add of item with id Magento_Review::report_review_product was processed [] []
[2018-07-19 23:41:06] main.INFO: Add of item with id Magento_Sitemap::catalog_sitemap was processed [] []
[2018-07-19 23:41:06] main.INFO: Add of item with id Magento_TaxImportExport::system_convert_tax was processed [] []
[2018-07-19 23:41:06] main.INFO: Add of item with id Magento_Variable::system_variable was processed [] []
[2018-07-19 23:41:06] main.INFO: Add of item with id Dotdigitalgroup_Email::marketing_automation was processed [] []
[2018-07-19 23:41:06] main.INFO: Add of item with id Dotdigitalgroup_Email::automation_studio was processed [] []
[2018-07-19 23:41:06] main.INFO: Add of item with id Dotdigitalgroup_Email::exclusion_rules was processed [] []
[2018-07-19 23:41:06] main.INFO: Add of item with id Dotdigitalgroup_Email::marketing_automation_report was processed [] []
[2018-07-19 23:41:06] main.INFO: Add of item with id Dotdigitalgroup_Email::importer was processed [] []
[2018-07-19 23:41:06] main.INFO: Add of item with id Dotdigitalgroup_Email::automation was processed [] []
[2018-07-19 23:41:06] main.INFO: Add of item with id Dotdigitalgroup_Email::campaign was processed [] []
[2018-07-19 23:41:06] main.INFO: Add of item with id Dotdigitalgroup_Email::cron was processed [] []
[2018-07-19 23:41:06] main.INFO: Add of item with id Dotdigitalgroup_Email::dashboards was processed [] []
[2018-07-19 23:41:06] main.INFO: Add of item with id Dotdigitalgroup_Email::logviewer was processed [] []
[2018-07-19 23:41:06] main.INFO: Add of item with id Dotdigitalgroup_Email::abandoned was processed [] []
[2018-07-19 23:41:06] main.INFO: Add of item with id Magestore_InventorySuccess::inventory was processed [] []
[2018-07-19 23:41:06] main.INFO: Add of item with id Magestore_BarcodeSuccess::barcode was processed [] []
[2018-07-19 23:41:06] main.INFO: Add of item with id Magestore_BarcodeSuccess::manage_barcode was processed [] []
[2018-07-19 23:41:06] main.INFO: Add of item with id Magestore_BarcodeSuccess::generate_barcode was processed [] []
[2018-07-19 23:41:06] main.INFO: Add of item with id Magestore_BarcodeSuccess::import_barcode was processed [] []
[2018-07-19 23:41:06] main.INFO: Add of item with id Magestore_BarcodeSuccess::scan_barcode was processed [] []
[2018-07-19 23:41:06] main.INFO: Add of item with id Magestore_BarcodeSuccess::print_barcode was processed [] []
[2018-07-19 23:41:06] main.INFO: Add of item with id Magestore_BarcodeSuccess::history was processed [] []
[2018-07-19 23:41:06] main.INFO: Add of item with id Magestore_BarcodeSuccess::barcode_template was processed [] []
[2018-07-19 23:41:06] main.INFO: Add of item with id Magestore_BarcodeSuccess::settings was processed [] []
[2018-07-19 23:41:06] main.INFO: Add of item with id Magestore_Customercredit::storecredit was processed [] []
[2018-07-19 23:41:06] main.INFO: Add of item with id Magestore_Customercredit::creditproduct was processed [] []
[2018-07-19 23:41:06] main.INFO: Add of item with id Magestore_Customercredit::customercredit was processed [] []
[2018-07-19 23:41:06] main.INFO: Add of item with id Magestore_Customercredit::credittransaction was processed [] []
[2018-07-19 23:41:06] main.INFO: Add of item with id Magestore_Customercredit::report_grid_credit was processed [] []
[2018-07-19 23:41:06] main.INFO: Add of item with id Magestore_Customercredit::report_chart_credit was processed [] []
[2018-07-19 23:41:06] main.INFO: Add of item with id Magestore_Customercredit::settings was processed [] []
[2018-07-19 23:41:06] main.INFO: Add of item with id Magestore_DropshipSuccess::separate was processed [] []
[2018-07-19 23:41:06] main.INFO: Add of item with id Magestore_DropshipSuccess::separate2 was processed [] []
[2018-07-19 23:41:06] main.INFO: Add of item with id Magestore_DropshipSuccess::separate3 was processed [] []
[2018-07-19 23:41:06] main.INFO: Add of item with id Magestore_DropshipSuccess::separate4 was processed [] []
[2018-07-19 23:41:06] main.INFO: Add of item with id Magestore_DropshipSuccess::dropship was processed [] []
[2018-07-19 23:41:06] main.INFO: Add of item with id Magestore_DropshipSuccess::dropship_request_listing was processed [] []
[2018-07-19 23:41:06] main.INFO: Add of item with id Magestore_SupplierSuccess::supplier was processed [] []
[2018-07-19 23:41:06] main.INFO: Add of item with id Magestore_DropshipSuccess::configuration_menu was processed [] []
[2018-07-19 23:41:06] main.INFO: Add of item with id Temando_Shipping::shipping was processed [] []
[2018-07-19 23:41:06] main.INFO: Add of item with id Temando_Shipping::carriers was processed [] []
[2018-07-19 23:41:06] main.INFO: Add of item with id Temando_Shipping::locations was processed [] []
[2018-07-19 23:41:06] main.INFO: Add of item with id Temando_Shipping::packaging was processed [] []
[2018-07-19 23:41:06] main.INFO: Add of item with id Temando_Shipping::dispatches was processed [] []
[2018-07-19 23:41:06] main.INFO: Add of item with id Magestore_OrderSuccess::all was processed [] []
[2018-07-19 23:41:06] main.INFO: Add of item with id Magestore_OrderSuccess::order_process was processed [] []
[2018-07-19 23:41:06] main.INFO: Add of item with id Magestore_OrderSuccess::need_to_verify was processed [] []
[2018-07-19 23:41:06] main.INFO: Add of item with id Magestore_OrderSuccess::need_to_ship was processed [] []
[2018-07-19 23:41:06] main.INFO: Add of item with id Magestore_OrderSuccess::order_listing was processed [] []
[2018-07-19 23:41:06] main.INFO: Add of item with id Magestore_OrderSuccess::allorder was processed [] []
[2018-07-19 23:41:06] main.INFO: Add of item with id Magestore_OrderSuccess::awaiting_payment was processed [] []
[2018-07-19 23:41:06] main.INFO: Add of item with id Magestore_OrderSuccess::backorder was processed [] []
[2018-07-19 23:41:06] main.INFO: Add of item with id Magestore_OrderSuccess::hold was processed [] []
[2018-07-19 23:41:06] main.INFO: Add of item with id Magestore_OrderSuccess::completed was processed [] []
[2018-07-19 23:41:06] main.INFO: Add of item with id Magestore_OrderSuccess::canceled was processed [] []
[2018-07-19 23:41:06] main.INFO: Add of item with id Magestore_OrderSuccess::setting was processed [] []
[2018-07-19 23:41:06] main.INFO: Add of item with id Magestore_OrderSuccess::configuration_menu was processed [] []
[2018-07-19 23:41:06] main.INFO: Add of item with id Magestore_Giftvoucher::giftcard was processed [] []
[2018-07-19 23:41:06] main.INFO: Add of item with id Magestore_Giftvoucher::giftproduct was processed [] []
[2018-07-19 23:41:06] main.INFO: Add of item with id Magestore_Giftvoucher::giftvoucher was processed [] []
[2018-07-19 23:41:06] main.INFO: Add of item with id Magestore_Giftvoucher::generategiftcard was processed [] []
[2018-07-19 23:41:06] main.INFO: Add of item with id Magestore_Giftvoucher::gifthistory was processed [] []
[2018-07-19 23:41:06] main.INFO: Add of item with id Magestore_Giftvoucher::gifttemplate was processed [] []
[2018-07-19 23:41:06] main.INFO: Add of item with id Magestore_Giftvoucher::settings was processed [] []
[2018-07-19 23:41:06] main.INFO: Add of item with id Magestore_InventorySuccess::warehouse was processed [] []
[2018-07-19 23:41:06] main.INFO: Add of item with id Magestore_InventorySuccess::warehouse_stock_view was processed [] []
[2018-07-19 23:41:06] main.INFO: Add of item with id Magestore_InventorySuccess::product_none_in_warehouse was processed [] []
[2018-07-19 23:41:06] main.INFO: Add of item with id Magestore_InventorySuccess::warehouse_list was processed [] []
[2018-07-19 23:41:06] main.INFO: Add of item with id Magestore_InventorySuccess::prediction was processed [] []
[2018-07-19 23:41:06] main.INFO: Add of item with id Magestore_InventorySuccess::supplyneeds was processed [] []
[2018-07-19 23:41:06] main.INFO: Add of item with id Magestore_InventorySuccess::list_notification_rule was processed [] []
[2018-07-19 23:41:06] main.INFO: Add of item with id Magestore_InventorySuccess::list_notification was processed [] []
[2018-07-19 23:41:06] main.INFO: Add of item with id Magestore_InventorySuccess::stockcontrol was processed [] []
[2018-07-19 23:41:06] main.INFO: Add of item with id Magestore_InventorySuccess::create_adjuststock was processed [] []
[2018-07-19 23:41:06] main.INFO: Add of item with id Magestore_InventorySuccess::create_stocktaking was processed [] []
[2018-07-19 23:41:06] main.INFO: Add of item with id Magestore_InventorySuccess::adjuststock_history was processed [] []
[2018-07-19 23:41:06] main.INFO: Add of item with id Magestore_InventorySuccess::stocktaking_history was processed [] []
[2018-07-19 23:41:06] main.INFO: Add of item with id Magestore_InventorySuccess::stock_transfer was processed [] []
[2018-07-19 23:41:06] main.INFO: Add of item with id Magestore_InventorySuccess::stock_movement was processed [] []
[2018-07-19 23:41:06] main.INFO: Add of item with id Magestore_InventorySuccess::settings was processed [] []
[2018-07-19 23:41:06] main.INFO: Add of item with id Magestore_InventorySuccess::configuration was processed [] []
[2018-07-19 23:41:06] main.INFO: Add of item with id Magestore_InventorySuccess::transferstock_create was processed [] []
[2018-07-19 23:41:06] main.INFO: Add of item with id Magestore_InventorySuccess::send_stock_create was processed [] []
[2018-07-19 23:41:06] main.INFO: Add of item with id Magestore_InventorySuccess::request_stock_create was processed [] []
[2018-07-19 23:41:06] main.INFO: Add of item with id Magestore_InventorySuccess::transfer_to_external_create was processed [] []
[2018-07-19 23:41:06] main.INFO: Add of item with id Magestore_InventorySuccess::transfer_from_external_create was processed [] []
[2018-07-19 23:41:06] main.INFO: Add of item with id Magestore_InventorySuccess::transferstock_history was processed [] []
[2018-07-19 23:41:06] main.INFO: Add of item with id Magestore_InventorySuccess::send_stock_history was processed [] []
[2018-07-19 23:41:06] main.INFO: Add of item with id Magestore_InventorySuccess::request_stock_history was processed [] []
[2018-07-19 23:41:06] main.INFO: Add of item with id Magestore_InventorySuccess::transfer_to_external_history was processed [] []
[2018-07-19 23:41:06] main.INFO: Add of item with id Magestore_InventorySuccess::transfer_from_external_history was processed [] []
[2018-07-19 23:41:06] main.INFO: Add of item with id Magestore_FulfilSuccess::pick_request was processed [] []
[2018-07-19 23:41:06] main.INFO: Add of item with id Magestore_FulfilSuccess::pack_request was processed [] []
[2018-07-19 23:41:06] main.INFO: Add of item with id Magestore_FulfilSuccess::package was processed [] []
[2018-07-19 23:41:06] main.INFO: Add of item with id Magestore_FulfilSuccess::configuration_menu was processed [] []
[2018-07-19 23:41:06] main.INFO: Add of item with id Magestore_SupplierSuccess::supplier_listing was processed [] []
[2018-07-19 23:41:06] main.INFO: Add of item with id Magestore_SupplierSuccess::supplier_pricinglist was processed [] []
[2018-07-19 23:41:06] main.INFO: Add of item with id Magestore_SupplierSuccess::supplier_configuration was processed [] []
[2018-07-19 23:41:06] main.INFO: Add of item with id Magestore_Rewardpoints::Reward_Points was processed [] []
[2018-07-19 23:41:06] main.INFO: Add of item with id Magestore_Rewardpoints::Earning was processed [] []
[2018-07-19 23:41:06] main.INFO: Add of item with id Magestore_Rewardpoints::Earning_Rates was processed [] []
[2018-07-19 23:41:06] main.INFO: Add of item with id Magestore_Rewardpoints::Spending was processed [] []
[2018-07-19 23:41:06] main.INFO: Add of item with id Magestore_Rewardpoints::Spending_Rates was processed [] []
[2018-07-19 23:41:06] main.INFO: Add of item with id Magestore_Rewardpoints::Manage_Point_Balances was processed [] []
[2018-07-19 23:41:06] main.INFO: Add of item with id Magestore_Rewardpoints::Manage_transaction was processed [] []
[2018-07-19 23:41:06] main.INFO: Add of item with id Magestore_Rewardpoints::settings was processed [] []
[2018-07-19 23:41:06] main.INFO: Add of item with id Magestore_Storepickup::storepickup was processed [] []
[2018-07-19 23:41:06] main.INFO: Add of item with id Magestore_Storepickup::store was processed [] []
[2018-07-19 23:41:06] main.INFO: Add of item with id Magestore_Storepickup::tag was processed [] []
[2018-07-19 23:41:06] main.INFO: Add of item with id Magestore_Storepickup::schedule was processed [] []
[2018-07-19 23:41:06] main.INFO: Add of item with id Magestore_Storepickup::holiday was processed [] []
[2018-07-19 23:41:06] main.INFO: Add of item with id Magestore_Storepickup::specialday was processed [] []
[2018-07-19 23:41:06] main.INFO: Add of item with id Magestore_Storepickup::guide was processed [] []
[2018-07-19 23:41:06] main.INFO: Add of item with id Magestore_Storepickup::settings was processed [] []
[2018-07-19 23:41:06] main.INFO: Add of item with id Magestore_PurchaseOrderSuccess::purchase_order was processed [] []
[2018-07-19 23:41:06] main.INFO: Add of item with id Magestore_PurchaseOrderSuccess::manage_quotation was processed [] []
[2018-07-19 23:41:06] main.INFO: Add of item with id Magestore_PurchaseOrderSuccess::list_quotation was processed [] []
[2018-07-19 23:41:06] main.INFO: Add of item with id Magestore_PurchaseOrderSuccess::new_quotation was processed [] []
[2018-07-19 23:41:06] main.INFO: Add of item with id Magestore_PurchaseOrderSuccess::manage_purchase_order was processed [] []
[2018-07-19 23:41:06] main.INFO: Add of item with id Magestore_PurchaseOrderSuccess::list_purchase_order was processed [] []
[2018-07-19 23:41:06] main.INFO: Add of item with id Magestore_PurchaseOrderSuccess::new_purchase_order was processed [] []
[2018-07-19 23:41:06] main.INFO: Add of item with id Magestore_PurchaseOrderSuccess::manage_return_order was processed [] []
[2018-07-19 23:41:06] main.INFO: Add of item with id Magestore_PurchaseOrderSuccess::list_return_order was processed [] []
[2018-07-19 23:41:06] main.INFO: Add of item with id Magestore_PurchaseOrderSuccess::new_return_order was processed [] []
[2018-07-19 23:41:06] main.INFO: Add of item with id Magestore_PurchaseOrderSuccess::settings was processed [] []
[2018-07-19 23:41:06] main.INFO: Add of item with id Magestore_PurchaseOrderSuccess::po_settings was processed [] []
[2018-07-19 23:41:06] main.INFO: Add of item with id Magestore_Webpos::webpos was processed [] []
[2018-07-19 23:41:06] main.INFO: Add of item with id Magestore_Webpos::checkout was processed [] []
[2018-07-19 23:41:06] main.INFO: Add of item with id Magestore_Webpos::locations was processed [] []
[2018-07-19 23:41:06] main.INFO: Add of item with id Magestore_Webpos::staffs was processed [] []
[2018-07-19 23:41:06] main.INFO: Add of item with id Magestore_Webpos::roles was processed [] []
[2018-07-19 23:41:06] main.INFO: Add of item with id Magestore_Webpos::zreport was processed [] []
[2018-07-19 23:41:06] main.INFO: Add of item with id Magestore_Webpos::reports was processed [] []
[2018-07-19 23:41:06] main.INFO: Add of item with id Magestore_Webpos::pos was processed [] []
[2018-07-19 23:41:06] main.INFO: Add of item with id Magestore_Webpos::denomination was processed [] []
[2018-07-19 23:41:06] main.INFO: Add of item with id Magestore_Webpos::settings was processed [] []
[2018-07-19 23:41:06] main.INFO: Add of item with id Shopial_Facebook::marketing_social was processed [] []
[2018-07-19 23:41:06] main.INFO: Add of item with id Shopial_Facebook::shopial_facebook was processed [] []
[2018-07-19 23:41:06] main.INFO: Add of item with id Magestore_FulfilReport::fulfil_reports was processed [] []
[2018-07-19 23:41:06] main.INFO: Add of item with id Magestore_FulfilReport::fulfil_dashboard was processed [] []
[2018-07-19 23:41:06] main.INFO: Add of item with id Magestore_FulfilReport::reports was processed [] []
[2018-07-19 23:42:28] main.INFO: Request token ap01d22ivnsj4qenfig285q6vf2ejicd was exchanged to obtain access token for consumer 3 [] []
[2018-07-19 23:42:31] main.INFO: Request token exr2g4xphrdkiiw39fuflejegypusnu9 was exchanged to obtain access token for consumer 4 [] []
[2018-07-19 23:42:35] main.INFO: Request token pu8546e0cq9jkvq3pbcycauy2ooj3cty was exchanged to obtain access token for consumer 5 [] []
[2018-07-19 23:44:43] main.INFO: Request token qendpt04e1up4w2sgryj5l8764mv1wtw was exchanged to obtain access token for consumer 6 [] []
[2018-07-19 23:44:46] main.INFO: Request token ahvo68hioaqmfdu5l6x9p9nm3bjgm2bx was exchanged to obtain access token for consumer 7 [] []
[2018-07-19 23:44:49] main.INFO: Request token 39owkuujxsk8ps2gm09lk64lo0ahywnl was exchanged to obtain access token for consumer 8 [] []
[2018-07-19 23:46:57] main.INFO: Request token ovm7yh1oqblwbyra86ddm36aqfydm586 was exchanged to obtain access token for consumer 9 [] []
[2018-07-19 23:47:00] main.INFO: Request token 1vxc1r84sl3fvi1ft3f12nngnbqaoxx5 was exchanged to obtain access token for consumer 10 [] []
[2018-07-19 23:47:03] main.INFO: Request token duwjnb7hakb0ycmaovvabe2rqmjwcq91 was exchanged to obtain access token for consumer 11 [] []
[2018-07-19 23:49:16] main.INFO: Request token t6tjflykwcyteqgauls86wldw85ari68 was exchanged to obtain access token for consumer 12 [] []
[2018-07-19 23:49:19] main.INFO: Request token j59md35xsdxeo7wywi63s4reu8y8v2mk was exchanged to obtain access token for consumer 13 [] []
[2018-07-19 23:49:22] main.INFO: Request token g5ub86001v3o5g6j0o3fdryhbma4oj0m was exchanged to obtain access token for consumer 14 [] []
[2018-07-19 23:49:25] main.INFO: Request token awpx7nplq9jaostgy6yfrbhrt8pr0pv7 was exchanged to obtain access token for consumer 15 [] []
[2018-07-19 23:49:28] main.INFO: Request token ncma9pkv0wdcu11huv28i83rccm42r42 was exchanged to obtain access token for consumer 16 [] []
[2018-07-19 23:49:31] main.INFO: Request token v8bmompy5mdfi5o8tw7c0m867naxfihc was exchanged to obtain access token for consumer 17 [] []
[2018-07-19 23:49:34] main.INFO: Request token nwwct162b806hp2s12a5bss5s7vny1my was exchanged to obtain access token for consumer 18 [] []
[2018-07-19 23:50:12] main.INFO: Request token qn3ayi68ye69ryob3c55thmvj9s7qfgl was exchanged to obtain access token for consumer 19 [] []
[2018-07-19 23:50:15] main.INFO: Request token v6uoeft8h0ih63tjf33hd189r4jc8fy8 was exchanged to obtain access token for consumer 20 [] []
[2018-07-19 23:50:18] main.INFO: Request token lv0puweo5ccnsx52wdauscn0x8ri7knq was exchanged to obtain access token for consumer 21 [] []
[2018-07-19 23:50:21] main.INFO: Request token amso9cndc9wp91mng8a8sa787v9jkt72 was exchanged to obtain access token for consumer 22 [] []
[2018-07-19 23:50:24] main.INFO: Request token vekpcq1ls8u1jl1yeg86os989xpnbuu9 was exchanged to obtain access token for consumer 23 [] []
[2018-07-19 23:50:27] main.INFO: Request token 69wt4sv2eqb8gsdb76nmev072gg24lgm was exchanged to obtain access token for consumer 24 [] []
[2018-07-19 23:50:30] main.INFO: Request token jpb7w6mbxxgttf7r2vgbtytwvho61rd5 was exchanged to obtain access token for consumer 25 [] []
[2018-07-19 23:52:39] main.INFO: Request token wl47tqhcmts0nc1dtqgo86osu443rv57 was exchanged to obtain access token for consumer 26 [] []
[2018-07-19 23:52:42] main.INFO: Request token 17fd50jjap4hvyd0ifb0a80sqiglt5g7 was exchanged to obtain access token for consumer 27 [] []
[2018-07-19 23:52:45] main.INFO: Request token gyvp6yjv1585rkukesx7gjppuaq1j080 was exchanged to obtain access token for consumer 28 [] []
[2018-07-19 23:52:48] main.INFO: Request token tsosni9pnasynuymj2gl2qlxtm5o1u70 was exchanged to obtain access token for consumer 29 [] []
[2018-07-19 23:52:51] main.INFO: Request token 84qtejd3kyfjxi4j5fmxwhmi4xaxihud was exchanged to obtain access token for consumer 30 [] []
[2018-07-19 23:52:54] main.INFO: Request token 0km1xm9m81lokbsgukfy1i0cekjlctg1 was exchanged to obtain access token for consumer 31 [] []
[2018-07-19 23:52:58] main.INFO: Request token fi9cvei7fe77ihb5ybimqxlapl2m5o3e was exchanged to obtain access token for consumer 32 [] []
[2018-07-19 23:55:05] main.INFO: Request token v8ah4fk7n5fnm9pj4y9dg2mxtbc7h277 was exchanged to obtain access token for consumer 33 [] []
[2018-07-19 23:55:08] main.INFO: Request token bl7x5f4o3bmicdajoei2fpag649v2dm9 was exchanged to obtain access token for consumer 34 [] []
[2018-07-19 23:55:12] main.INFO: Request token 9bec8dvudhsvwebrvght1kdrbj7bdkdi was exchanged to obtain access token for consumer 35 [] []
[2018-07-19 23:55:15] main.INFO: Request token 3hq2o5hu97a48rn3u5mgr5bsx4ehikh5 was exchanged to obtain access token for consumer 36 [] []
[2018-07-19 23:55:18] main.INFO: Request token 85qpmtibgfx9mu8lqy2v6888glnlyexk was exchanged to obtain access token for consumer 37 [] []
[2018-07-19 23:55:21] main.INFO: Request token omptxpnp9gq83243aw3ayse5vek82as4 was exchanged to obtain access token for consumer 38 [] []
[2018-07-19 23:55:24] main.INFO: Request token u1a3ruy3ri4s3f08x5c2vng2tl5xyqi7 was exchanged to obtain access token for consumer 39 [] []
[2018-07-19 23:58:08] main.INFO: Request token p323oey9w10rssb8w38qtasapjrlqt2o was exchanged to obtain access token for consumer 40 [] []
[2018-07-19 23:58:12] main.INFO: Request token ejp8lwk9ufja4898hjtakyqaanbf98y9 was exchanged to obtain access token for consumer 41 [] []
[2018-07-20 00:00:21] main.INFO: Request token jyksrlqvhfos2hfkhj5humf0rky5v7fj was exchanged to obtain access token for consumer 42 [] []
[2018-07-20 00:01:09] main.INFO: Request token oc76qijd8lpmmcl9x0kga6etqtknddqr was exchanged to obtain access token for consumer 43 [] []
[2018-07-20 00:02:01] main.INFO: Request token bm6kb6rbldoslqc2ek4d3n6h31j2f5w6 was exchanged to obtain access token for consumer 44 [] []
[2018-07-20 00:02:47] main.INFO: Request token yydn4v4vr1byonohxnsteiqjqsojvdj7 was exchanged to obtain access token for consumer 45 [] []
[2018-07-20 00:03:34] main.INFO: Request token e0e6t4yckix0icbds77ml1eakle8dnnj was exchanged to obtain access token for consumer 46 [] []
[2018-07-20 00:04:20] main.INFO: Request token vlv58r2e909qxyu5maaybvadsc588lhv was exchanged to obtain access token for consumer 47 [] []
[2018-07-20 00:05:08] main.INFO: Request token 5gr0krynhr5dho3wb0l7s2tiutolb4xg was exchanged to obtain access token for consumer 48 [] []
[2018-07-20 00:05:11] main.INFO: Request token ravef25e4hb9d4wf0e1ju1yuh53h1pme was exchanged to obtain access token for consumer 49 [] []
[2018-07-20 00:07:26] main.INFO: Request token 65i0pfog9074fb83pqgh6lj0yebjw44v was exchanged to obtain access token for consumer 50 [] []
[2018-07-20 00:08:18] main.INFO: Request token chck9mdve8al9tsn7vdp3kmxpak4q9rh was exchanged to obtain access token for consumer 51 [] []
[2018-07-20 00:09:02] main.INFO: Request token dp607pw9pepovj63rbboh689r6452872 was exchanged to obtain access token for consumer 52 [] []
[2018-07-20 00:09:05] main.INFO: Request token 58r517hvlugu4a48x2eyx0r7onkolvii was exchanged to obtain access token for consumer 53 [] []
[2018-07-20 00:09:08] main.INFO: Request token qhp8l4c5wn4b5se5p8v4yatioyq5tg1r was exchanged to obtain access token for consumer 54 [] []
[2018-07-20 00:09:11] main.INFO: Request token fetli9dlqgsdxj4gx5ehkacl38chf88o was exchanged to obtain access token for consumer 55 [] []
[2018-07-20 00:09:53] main.INFO: Request token lmmmkt3cu2p3b5hy3j5uba8jick81nlm was exchanged to obtain access token for consumer 56 [] []
[2018-07-20 00:09:55] main.INFO: Request token 4yt7vh3uoxam9htaujqmvble55gecgum was exchanged to obtain access token for consumer 57 [] []
[2018-07-20 00:09:58] main.INFO: Request token 11uwhwyvr26muhbe7c6dgpjy9oo4xn07 was exchanged to obtain access token for consumer 58 [] []
[2018-07-20 00:10:01] main.INFO: Request token j0rko591px8l60b3bo7j9ij8ekxssh6k was exchanged to obtain access token for consumer 59 [] []
[2018-07-20 00:10:45] main.INFO: Request token 3xms745psoo1l7raoxqsuv46x0cn82sc was exchanged to obtain access token for consumer 60 [] []
[2018-07-20 00:10:48] main.INFO: Request token 08wxmcsgb860k4kdd7sdgpgdbllu4icw was exchanged to obtain access token for consumer 61 [] []
[2018-07-20 00:10:51] main.INFO: Request token hube5gyjner277i2wchbw8y7f1u1l447 was exchanged to obtain access token for consumer 62 [] []
[2018-07-20 00:10:54] main.INFO: Request token fg6mcv1hx7lxcjtq6bjdjocka5nq2sbr was exchanged to obtain access token for consumer 63 [] []
[2018-07-20 00:11:49] main.INFO: Request token plgvheicilp3uw2fur4ep563fbpur3mi was exchanged to obtain access token for consumer 64 [] []
[2018-07-20 00:11:51] main.INFO: Request token lktgsni3b9qxrk1gxoawp1cgklq1amce was exchanged to obtain access token for consumer 65 [] []
[2018-07-20 00:11:54] main.INFO: Request token way3xqcmcp1ytteqxd29rj5pb87ed1rh was exchanged to obtain access token for consumer 66 [] []
[2018-07-20 00:11:57] main.INFO: Request token d90pg31c0e5hohp8r3mxrgx3hkoeqcka was exchanged to obtain access token for consumer 67 [] []
[2018-07-20 00:12:53] main.INFO: Request token 2x8t0qwpvg5k0ajhui0mtfc8k9l3v9e6 was exchanged to obtain access token for consumer 68 [] []
[2018-07-20 00:12:56] main.INFO: Request token wpkuj7a8txk8vfs9hq04yp6bv8vj7use was exchanged to obtain access token for consumer 69 [] []
[2018-07-20 00:12:59] main.INFO: Request token 75dt79ww7msdkjft6g2lqjxljsv6rgrb was exchanged to obtain access token for consumer 70 [] []
[2018-07-20 00:13:02] main.INFO: Request token sqa7we8gpg9oikic3vagsetsr0g3rwj3 was exchanged to obtain access token for consumer 71 [] []
[2018-07-20 00:13:05] main.INFO: Request token m01bx0x19bufvejr7866f3yktpsoen5s was exchanged to obtain access token for consumer 72 [] []
[2018-07-20 00:13:48] main.INFO: Request token qseg720ct56lp7e8q1c319r8825u7j9c was exchanged to obtain access token for consumer 73 [] []
[2018-07-20 00:13:51] main.INFO: Request token o4og2jh4ai7bhfvhiwl2qbpi7ee3vboq was exchanged to obtain access token for consumer 74 [] []
[2018-07-20 00:13:54] main.INFO: Request token ak83ljhhu02qcd1d4lwym4qxip99q8mk was exchanged to obtain access token for consumer 75 [] []
[2018-07-20 00:13:57] main.INFO: Request token q034yemthirhnmojt8bkn9q6l4n9do8r was exchanged to obtain access token for consumer 76 [] []
[2018-07-20 00:14:43] main.INFO: Request token e2yuogewfph0ceh4epebgfkn6x1uo90a was exchanged to obtain access token for consumer 77 [] []
[2018-07-20 00:14:46] main.INFO: Request token 9umv8rotl2k9sgwqb2wq28gcfghm1yxx was exchanged to obtain access token for consumer 78 [] []
[2018-07-20 00:14:49] main.INFO: Request token uodohh84f8fhle434jxw8ng3qigv5bpn was exchanged to obtain access token for consumer 79 [] []
[2018-07-20 00:14:52] main.INFO: Request token 0887yc67e13copvspfprtjiavahtc8og was exchanged to obtain access token for consumer 80 [] []
[2018-07-20 00:15:34] main.INFO: Request token iju9xt3n8l73xoivdlg0swq7wm45ley7 was exchanged to obtain access token for consumer 81 [] []
[2018-07-20 00:15:37] main.INFO: Request token vjpnkep0rfnkv0mekcx5qt7nrwxo6sjx was exchanged to obtain access token for consumer 82 [] []
[2018-07-20 00:15:40] main.INFO: Request token pee50sxyetnkw8mva9s95fkwemns341p was exchanged to obtain access token for consumer 83 [] []
[2018-07-20 00:15:43] main.INFO: Request token w682s570h6jr1efupb5srkc4m4es3wad was exchanged to obtain access token for consumer 84 [] []
[2018-07-20 00:17:57] main.INFO: Request token t1h69xm2t5lxvg5ixthdoapxn90f8qix was exchanged to obtain access token for consumer 85 [] []
[2018-07-20 00:18:00] main.INFO: Request token agb7sb7udj07d33iubg5a9dno9yocns5 was exchanged to obtain access token for consumer 86 [] []
[2018-07-20 00:18:03] main.INFO: Request token 86urnhed7tk9ggfbeerst5ib5watxwxb was exchanged to obtain access token for consumer 87 [] []
[2018-07-20 00:18:06] main.INFO: Request token ee8pth5o0ickm87vl4xl0g490eonbh9q was exchanged to obtain access token for consumer 88 [] []
[2018-07-20 00:18:52] main.INFO: Request token owx0fp9br0p135b98hdi6pxrglco4jll was exchanged to obtain access token for consumer 89 [] []
[2018-07-20 00:18:55] main.INFO: Request token a1x2ewacfne2put4h1mshfl6msxcyn8u was exchanged to obtain access token for consumer 90 [] []
[2018-07-20 00:18:58] main.INFO: Request token ma1bqjkj2ccj3qpo10trgcog3l1jdik0 was exchanged to obtain access token for consumer 91 [] []
[2018-07-20 00:19:01] main.INFO: Request token 0j35fxnjo8lal801wnbg8tpyf4c4sgtx was exchanged to obtain access token for consumer 92 [] []
[2018-07-20 00:20:00] main.INFO: Request token fe0tvme7wmb688nbfcjirbkg98lg3hu6 was exchanged to obtain access token for consumer 93 [] []
[2018-07-20 00:20:03] main.INFO: Request token orlb67o52l7qctqtto73qktqfuyarl0i was exchanged to obtain access token for consumer 94 [] []
[2018-07-20 00:20:06] main.INFO: Request token bjl71b1syqm4386ivf1vj0ipmg4dhqlq was exchanged to obtain access token for consumer 95 [] []
[2018-07-20 00:20:09] main.INFO: Request token mrxtaksvcy7605iciatsjy992tmih90o was exchanged to obtain access token for consumer 96 [] []
[2018-07-20 00:20:53] main.INFO: Request token ato79q1xj1vtr99tjaxwxxj15qe0mrcb was exchanged to obtain access token for consumer 97 [] []
[2018-07-20 00:20:56] main.INFO: Request token 5wnmcqsjhs8i8wu6oyxa4cpp4iadfei3 was exchanged to obtain access token for consumer 98 [] []
[2018-07-20 00:20:59] main.INFO: Request token 1ylhlxj2an1xkrcpy7nvy7ajoaov2umc was exchanged to obtain access token for consumer 99 [] []
[2018-07-20 00:21:02] main.INFO: Request token ch79rio9d8r2viku3ekl8savhhk4q7r7 was exchanged to obtain access token for consumer 100 [] []
[2018-07-20 00:21:05] main.INFO: Request token r06hn8q16ahc49x4j05h2d0hf38biskd was exchanged to obtain access token for consumer 101 [] []
